2023-05-25 14:20:20.870[main][org.springframework.boot.StartupInfoLogger:55] INFO  - Starting XmlPlusApplicationTests using Java 1.8.0_281 on DESKTOP-T987IHU with PID 13864 (started by TY in E:\github\myResource_02\start_demo_02\xml_plus)
2023-05-25 14:20:20.909[main][org.springframework.boot.SpringApplication:631] INFO  - No active profile set, falling back to 1 default profile: "default"
2023-05-25 14:20:24.523[main][org.springframework.boot.StartupInfoLogger:61] INFO  - Started XmlPlusApplicationTests in 5.721 seconds (JVM running for 10.761)
2023-05-25 14:25:45.715[main][org.springframework.boot.StartupInfoLogger:55] INFO  - Starting XmlPlusApplicationTests using Java 1.8.0_281 on DESKTOP-T987IHU with PID 12184 (started by TY in E:\github\myResource_02\start_demo_02\xml_plus)
2023-05-25 14:25:45.721[main][org.springframework.boot.SpringApplication:631] INFO  - No active profile set, falling back to 1 default profile: "default"
2023-05-25 14:25:50.821[main][org.springframework.boot.StartupInfoLogger:61] INFO  - Started XmlPlusApplicationTests in 6.248 seconds (JVM running for 8.544)
2023-05-25 14:28:44.478[main][org.springframework.boot.StartupInfoLogger:55] INFO  - Starting XmlPlusApplicationTests using Java 1.8.0_281 on DESKTOP-T987IHU with PID 15652 (started by TY in E:\github\myResource_02\start_demo_02\xml_plus)
2023-05-25 14:28:44.482[main][org.springframework.boot.SpringApplication:631] INFO  - No active profile set, falling back to 1 default profile: "default"
2023-05-25 14:28:49.292[main][org.springframework.boot.StartupInfoLogger:61] INFO  - Started XmlPlusApplicationTests in 5.855 seconds (JVM running for 8.374)
2023-05-25 15:27:26.496[main][org.springframework.boot.StartupInfoLogger:55] INFO  - Starting XmlPlusApplication using Java 1.8.0_281 on DESKTOP-T987IHU with PID 14616 (E:\github\myResource_02\start_demo_02\xml_plus\target\classes started by TY in E:\github\myResource_02\start_demo_02)
2023-05-25 15:27:26.510[main][org.springframework.boot.SpringApplication:631] INFO  - No active profile set, falling back to 1 default profile: "default"
2023-05-25 15:27:28.778[main][org.springframework.boot.web.embedded.tomcat.TomcatWebServer:108] INFO  - Tomcat initialized with port(s): 8080 (http)
2023-05-25 15:27:28.780[main][org.apache.juli.logging.DirectJDKLog:173] INFO  - An older version [1.2.23] of the Apache Tomcat Native library is installed, while Tomcat recommends a minimum version of [1.2.30]
2023-05-25 15:27:28.780[main][org.apache.juli.logging.DirectJDKLog:173] INFO  - Loaded Apache Tomcat Native library [1.2.23] using APR version [1.7.0].
2023-05-25 15:27:28.781[main][org.apache.juli.logging.DirectJDKLog:173] INFO  - APR capabilities: IPv6 [true], sendfile [true], accept filters [false], random [true], UDS [false].
2023-05-25 15:27:28.781[main][org.apache.juli.logging.DirectJDKLog:173] INFO  - APR/OpenSSL configuration: useAprConnector [false], useOpenSSL [true]
2023-05-25 15:27:28.856[main][org.apache.juli.logging.DirectJDKLog:173] INFO  - OpenSSL successfully initialized [OpenSSL 1.1.1c  28 May 2019]
2023-05-25 15:27:28.871[main][org.apache.juli.logging.DirectJDKLog:173] INFO  - Initializing ProtocolHandler ["http-nio-8080"]
2023-05-25 15:27:28.872[main][org.apache.juli.logging.DirectJDKLog:173] INFO  - Starting service [Tomcat]
2023-05-25 15:27:28.873[main][org.apache.juli.logging.DirectJDKLog:173] INFO  - Starting Servlet engine: [Apache Tomcat/9.0.75]
2023-05-25 15:27:29.085[main][org.apache.juli.logging.DirectJDKLog:173] INFO  - Initializing Spring embedded WebApplicationContext
2023-05-25 15:27:29.085[main][org.springframework.boot.web.servlet.context.ServletWebServerApplicationContext:292] INFO  - Root WebApplicationContext: initialization completed in 2431 ms
2023-05-25 15:27:29.685[main][org.apache.juli.logging.DirectJDKLog:173] INFO  - Starting ProtocolHandler ["http-nio-8080"]
2023-05-25 15:27:29.713[main][org.springframework.boot.web.embedded.tomcat.TomcatWebServer:220] INFO  - Tomcat started on port(s): 8080 (http) with context path ''
2023-05-25 15:27:29.751[main][org.springframework.boot.StartupInfoLogger:61] INFO  - Started XmlPlusApplication in 4.84 seconds (JVM running for 7.583)
2023-05-25 15:28:04.378[http-nio-8080-exec-1][org.apache.juli.logging.DirectJDKLog:173] INFO  - Initializing Spring DispatcherServlet 'dispatcherServlet'
2023-05-25 15:28:04.378[http-nio-8080-exec-1][org.springframework.web.servlet.FrameworkServlet:525] INFO  - Initializing Servlet 'dispatcherServlet'
2023-05-25 15:28:04.381[http-nio-8080-exec-1][org.springframework.web.servlet.FrameworkServlet:547] INFO  - Completed initialization in 3 ms
2023-05-25 15:29:25.630[main][org.springframework.boot.StartupInfoLogger:55] INFO  - Starting XmlPlusApplication using Java 1.8.0_281 on DESKTOP-T987IHU with PID 14908 (E:\github\myResource_02\start_demo_02\xml_plus\target\classes started by TY in E:\github\myResource_02\start_demo_02)
2023-05-25 15:29:25.636[main][org.springframework.boot.SpringApplication:631] INFO  - No active profile set, falling back to 1 default profile: "default"
2023-05-25 15:29:27.926[main][org.springframework.boot.web.embedded.tomcat.TomcatWebServer:108] INFO  - Tomcat initialized with port(s): 8080 (http)
2023-05-25 15:29:27.928[main][org.apache.juli.logging.DirectJDKLog:173] INFO  - An older version [1.2.23] of the Apache Tomcat Native library is installed, while Tomcat recommends a minimum version of [1.2.30]
2023-05-25 15:29:27.928[main][org.apache.juli.logging.DirectJDKLog:173] INFO  - Loaded Apache Tomcat Native library [1.2.23] using APR version [1.7.0].
2023-05-25 15:29:27.929[main][org.apache.juli.logging.DirectJDKLog:173] INFO  - APR capabilities: IPv6 [true], sendfile [true], accept filters [false], random [true], UDS [false].
2023-05-25 15:29:27.929[main][org.apache.juli.logging.DirectJDKLog:173] INFO  - APR/OpenSSL configuration: useAprConnector [false], useOpenSSL [true]
2023-05-25 15:29:27.935[main][org.apache.juli.logging.DirectJDKLog:173] INFO  - OpenSSL successfully initialized [OpenSSL 1.1.1c  28 May 2019]
2023-05-25 15:29:27.945[main][org.apache.juli.logging.DirectJDKLog:173] INFO  - Initializing ProtocolHandler ["http-nio-8080"]
2023-05-25 15:29:27.947[main][org.apache.juli.logging.DirectJDKLog:173] INFO  - Starting service [Tomcat]
2023-05-25 15:29:27.947[main][org.apache.juli.logging.DirectJDKLog:173] INFO  - Starting Servlet engine: [Apache Tomcat/9.0.75]
2023-05-25 15:29:28.168[main][org.apache.juli.logging.DirectJDKLog:173] INFO  - Initializing Spring embedded WebApplicationContext
2023-05-25 15:29:28.169[main][org.springframework.boot.web.servlet.context.ServletWebServerApplicationContext:292] INFO  - Root WebApplicationContext: initialization completed in 2370 ms
2023-05-25 15:29:28.629[main][org.apache.juli.logging.DirectJDKLog:173] INFO  - Starting ProtocolHandler ["http-nio-8080"]
2023-05-25 15:29:28.650[main][org.springframework.boot.web.embedded.tomcat.TomcatWebServer:220] INFO  - Tomcat started on port(s): 8080 (http) with context path ''
2023-05-25 15:29:28.682[main][org.springframework.boot.StartupInfoLogger:61] INFO  - Started XmlPlusApplication in 4.412 seconds (JVM running for 6.787)
2023-05-25 15:29:28.687[main][com.lp.xml_plus.XmlPlusApplication:13] INFO  - 项目初始化完成
2023-05-25 15:29:32.093[http-nio-8080-exec-1][org.apache.juli.logging.DirectJDKLog:173] INFO  - Initializing Spring DispatcherServlet 'dispatcherServlet'
2023-05-25 15:29:32.094[http-nio-8080-exec-1][org.springframework.web.servlet.FrameworkServlet:525] INFO  - Initializing Servlet 'dispatcherServlet'
2023-05-25 15:29:32.098[http-nio-8080-exec-1][org.springframework.web.servlet.FrameworkServlet:547] INFO  - Completed initialization in 4 ms
2023-05-25 15:30:41.071[main][org.springframework.boot.StartupInfoLogger:55] INFO  - Starting XmlPlusApplication using Java 1.8.0_281 on DESKTOP-T987IHU with PID 14196 (E:\github\myResource_02\start_demo_02\xml_plus\target\classes started by TY in E:\github\myResource_02\start_demo_02)
2023-05-25 15:30:41.077[main][org.springframework.boot.SpringApplication:631] INFO  - No active profile set, falling back to 1 default profile: "default"
2023-05-25 15:30:43.247[main][org.springframework.boot.web.embedded.tomcat.TomcatWebServer:108] INFO  - Tomcat initialized with port(s): 8080 (http)
2023-05-25 15:30:43.248[main][org.apache.juli.logging.DirectJDKLog:173] INFO  - An older version [1.2.23] of the Apache Tomcat Native library is installed, while Tomcat recommends a minimum version of [1.2.30]
2023-05-25 15:30:43.248[main][org.apache.juli.logging.DirectJDKLog:173] INFO  - Loaded Apache Tomcat Native library [1.2.23] using APR version [1.7.0].
2023-05-25 15:30:43.248[main][org.apache.juli.logging.DirectJDKLog:173] INFO  - APR capabilities: IPv6 [true], sendfile [true], accept filters [false], random [true], UDS [false].
2023-05-25 15:30:43.249[main][org.apache.juli.logging.DirectJDKLog:173] INFO  - APR/OpenSSL configuration: useAprConnector [false], useOpenSSL [true]
2023-05-25 15:30:43.254[main][org.apache.juli.logging.DirectJDKLog:173] INFO  - OpenSSL successfully initialized [OpenSSL 1.1.1c  28 May 2019]
2023-05-25 15:30:43.267[main][org.apache.juli.logging.DirectJDKLog:173] INFO  - Initializing ProtocolHandler ["http-nio-8080"]
2023-05-25 15:30:43.268[main][org.apache.juli.logging.DirectJDKLog:173] INFO  - Starting service [Tomcat]
2023-05-25 15:30:43.269[main][org.apache.juli.logging.DirectJDKLog:173] INFO  - Starting Servlet engine: [Apache Tomcat/9.0.75]
2023-05-25 15:30:43.446[main][org.apache.juli.logging.DirectJDKLog:173] INFO  - Initializing Spring embedded WebApplicationContext
2023-05-25 15:30:43.446[main][org.springframework.boot.web.servlet.context.ServletWebServerApplicationContext:292] INFO  - Root WebApplicationContext: initialization completed in 2211 ms
2023-05-25 15:30:43.928[main][org.apache.juli.logging.DirectJDKLog:173] INFO  - Starting ProtocolHandler ["http-nio-8080"]
2023-05-25 15:30:43.950[main][org.springframework.boot.web.embedded.tomcat.TomcatWebServer:220] INFO  - Tomcat started on port(s): 8080 (http) with context path ''
2023-05-25 15:30:43.980[main][org.springframework.boot.StartupInfoLogger:61] INFO  - Started XmlPlusApplication in 4.368 seconds (JVM running for 6.691)
2023-05-25 15:30:43.984[main][com.lp.xml_plus.XmlPlusApplication:13] INFO  - 项目初始化完成
2023-05-25 15:31:00.565[http-nio-8080-exec-2][org.apache.juli.logging.DirectJDKLog:173] INFO  - Initializing Spring DispatcherServlet 'dispatcherServlet'
2023-05-25 15:31:00.565[http-nio-8080-exec-2][org.springframework.web.servlet.FrameworkServlet:525] INFO  - Initializing Servlet 'dispatcherServlet'
2023-05-25 15:31:00.567[http-nio-8080-exec-2][org.springframework.web.servlet.FrameworkServlet:547] INFO  - Completed initialization in 2 ms
2023-05-25 15:32:03.439[main][org.springframework.boot.StartupInfoLogger:55] INFO  - Starting XmlPlusApplication using Java 1.8.0_281 on DESKTOP-T987IHU with PID 13508 (E:\github\myResource_02\start_demo_02\xml_plus\target\classes started by TY in E:\github\myResource_02\start_demo_02)
2023-05-25 15:32:03.449[main][org.springframework.boot.SpringApplication:631] INFO  - No active profile set, falling back to 1 default profile: "default"
2023-05-25 15:32:06.041[main][org.springframework.boot.web.embedded.tomcat.TomcatWebServer:108] INFO  - Tomcat initialized with port(s): 8080 (http)
2023-05-25 15:32:06.042[main][org.apache.juli.logging.DirectJDKLog:173] INFO  - An older version [1.2.23] of the Apache Tomcat Native library is installed, while Tomcat recommends a minimum version of [1.2.30]
2023-05-25 15:32:06.043[main][org.apache.juli.logging.DirectJDKLog:173] INFO  - Loaded Apache Tomcat Native library [1.2.23] using APR version [1.7.0].
2023-05-25 15:32:06.043[main][org.apache.juli.logging.DirectJDKLog:173] INFO  - APR capabilities: IPv6 [true], sendfile [true], accept filters [false], random [true], UDS [false].
2023-05-25 15:32:06.043[main][org.apache.juli.logging.DirectJDKLog:173] INFO  - APR/OpenSSL configuration: useAprConnector [false], useOpenSSL [true]
2023-05-25 15:32:06.049[main][org.apache.juli.logging.DirectJDKLog:173] INFO  - OpenSSL successfully initialized [OpenSSL 1.1.1c  28 May 2019]
2023-05-25 15:32:06.063[main][org.apache.juli.logging.DirectJDKLog:173] INFO  - Initializing ProtocolHandler ["http-nio-8080"]
2023-05-25 15:32:06.065[main][org.apache.juli.logging.DirectJDKLog:173] INFO  - Starting service [Tomcat]
2023-05-25 15:32:06.065[main][org.apache.juli.logging.DirectJDKLog:173] INFO  - Starting Servlet engine: [Apache Tomcat/9.0.75]
2023-05-25 15:32:06.360[main][org.apache.juli.logging.DirectJDKLog:173] INFO  - Initializing Spring embedded WebApplicationContext
2023-05-25 15:32:06.362[main][org.springframework.boot.web.servlet.context.ServletWebServerApplicationContext:292] INFO  - Root WebApplicationContext: initialization completed in 2657 ms
2023-05-25 15:32:06.905[main][org.apache.juli.logging.DirectJDKLog:173] INFO  - Starting ProtocolHandler ["http-nio-8080"]
2023-05-25 15:32:06.931[main][org.springframework.boot.web.embedded.tomcat.TomcatWebServer:220] INFO  - Tomcat started on port(s): 8080 (http) with context path ''
2023-05-25 15:32:06.949[main][org.springframework.boot.StartupInfoLogger:61] INFO  - Started XmlPlusApplication in 4.774 seconds (JVM running for 7.183)
2023-05-25 15:32:06.953[main][com.lp.xml_plus.XmlPlusApplication:13] INFO  - 项目初始化完成
2023-05-25 15:32:13.138[http-nio-8080-exec-2][org.apache.juli.logging.DirectJDKLog:173] INFO  - Initializing Spring DispatcherServlet 'dispatcherServlet'
2023-05-25 15:32:13.139[http-nio-8080-exec-2][org.springframework.web.servlet.FrameworkServlet:525] INFO  - Initializing Servlet 'dispatcherServlet'
2023-05-25 15:32:13.141[http-nio-8080-exec-2][org.springframework.web.servlet.FrameworkServlet:547] INFO  - Completed initialization in 2 ms
2023-05-25 15:55:39.915[main][org.springframework.boot.StartupInfoLogger:55] INFO  - Starting XmlPlusApplicationTests using Java 1.8.0_281 on DESKTOP-T987IHU with PID 15192 (started by TY in E:\github\myResource_02\start_demo_02\xml_plus)
2023-05-25 15:55:39.920[main][org.springframework.boot.SpringApplication:631] INFO  - No active profile set, falling back to 1 default profile: "default"
2023-05-25 15:55:43.992[main][org.springframework.boot.StartupInfoLogger:61] INFO  - Started XmlPlusApplicationTests in 5.131 seconds (JVM running for 7.439)
2023-05-25 16:24:55.151[main][org.springframework.boot.StartupInfoLogger:55] INFO  - Starting XmlPlusApplication using Java 1.8.0_281 on DESKTOP-T987IHU with PID 8544 (E:\github\myResource_02\start_demo_02\xml_plus\target\classes started by TY in E:\github\myResource_02\start_demo_02)
2023-05-25 16:24:55.158[main][org.springframework.boot.SpringApplication:631] INFO  - No active profile set, falling back to 1 default profile: "default"
2023-05-25 16:24:57.256[main][org.springframework.boot.web.embedded.tomcat.TomcatWebServer:108] INFO  - Tomcat initialized with port(s): 8080 (http)
2023-05-25 16:24:57.258[main][org.apache.juli.logging.DirectJDKLog:173] INFO  - An older version [1.2.23] of the Apache Tomcat Native library is installed, while Tomcat recommends a minimum version of [1.2.30]
2023-05-25 16:24:57.258[main][org.apache.juli.logging.DirectJDKLog:173] INFO  - Loaded Apache Tomcat Native library [1.2.23] using APR version [1.7.0].
2023-05-25 16:24:57.259[main][org.apache.juli.logging.DirectJDKLog:173] INFO  - APR capabilities: IPv6 [true], sendfile [true], accept filters [false], random [true], UDS [false].
2023-05-25 16:24:57.259[main][org.apache.juli.logging.DirectJDKLog:173] INFO  - APR/OpenSSL configuration: useAprConnector [false], useOpenSSL [true]
2023-05-25 16:24:57.264[main][org.apache.juli.logging.DirectJDKLog:173] INFO  - OpenSSL successfully initialized [OpenSSL 1.1.1c  28 May 2019]
2023-05-25 16:24:57.276[main][org.apache.juli.logging.DirectJDKLog:173] INFO  - Initializing ProtocolHandler ["http-nio-8080"]
2023-05-25 16:24:57.277[main][org.apache.juli.logging.DirectJDKLog:173] INFO  - Starting service [Tomcat]
2023-05-25 16:24:57.277[main][org.apache.juli.logging.DirectJDKLog:173] INFO  - Starting Servlet engine: [Apache Tomcat/9.0.75]
2023-05-25 16:24:57.444[main][org.apache.juli.logging.DirectJDKLog:173] INFO  - Initializing Spring embedded WebApplicationContext
2023-05-25 16:24:57.445[main][org.springframework.boot.web.servlet.context.ServletWebServerApplicationContext:292] INFO  - Root WebApplicationContext: initialization completed in 2137 ms
2023-05-25 16:24:57.866[main][org.apache.juli.logging.DirectJDKLog:173] INFO  - Starting ProtocolHandler ["http-nio-8080"]
2023-05-25 16:24:57.888[main][org.springframework.boot.web.embedded.tomcat.TomcatWebServer:220] INFO  - Tomcat started on port(s): 8080 (http) with context path ''
2023-05-25 16:24:57.899[main][org.springframework.boot.StartupInfoLogger:61] INFO  - Started XmlPlusApplication in 4.549 seconds (JVM running for 7.103)
2023-05-25 16:24:57.902[main][com.lp.xml_plus.XmlPlusApplication:13] INFO  - 项目初始化完成
2023-05-25 16:25:03.095[http-nio-8080-exec-1][org.apache.juli.logging.DirectJDKLog:173] INFO  - Initializing Spring DispatcherServlet 'dispatcherServlet'
2023-05-25 16:25:03.096[http-nio-8080-exec-1][org.springframework.web.servlet.FrameworkServlet:525] INFO  - Initializing Servlet 'dispatcherServlet'
2023-05-25 16:25:03.097[http-nio-8080-exec-1][org.springframework.web.servlet.FrameworkServlet:547] INFO  - Completed initialization in 1 ms
