2023-06-16 09:55:15.897[main][org.springframework.boot.StartupInfoLogger:55] INFO  - Starting QuartzSimpleApplication using Java 1.8.0_281 on DESKTOP-T987IHU with PID 15880 (E:\github\myResource_02\start_demo_02\quartz_simple\target\classes started by TY in E:\github\myResource_02\start_demo_02)
2023-06-16 09:55:15.980[main][org.springframework.boot.SpringApplication:631] INFO  - No active profile set, falling back to 1 default profile: "default"
2023-06-16 09:55:18.101[main][org.springframework.boot.web.embedded.tomcat.TomcatWebServer:108] INFO  - Tomcat initialized with port(s): 8080 (http)
2023-06-16 09:55:18.101[main][org.apache.juli.logging.DirectJDKLog:173] INFO  - An older version [1.2.23] of the Apache Tomcat Native library is installed, while Tomcat recommends a minimum version of [1.2.30]
2023-06-16 09:55:18.101[main][org.apache.juli.logging.DirectJDKLog:173] INFO  - Loaded Apache Tomcat Native library [1.2.23] using APR version [1.7.0].
2023-06-16 09:55:18.101[main][org.apache.juli.logging.DirectJDKLog:173] INFO  - APR capabilities: IPv6 [true], sendfile [true], accept filters [false], random [true], UDS [false].
2023-06-16 09:55:18.101[main][org.apache.juli.logging.DirectJDKLog:173] INFO  - APR/OpenSSL configuration: useAprConnector [false], useOpenSSL [true]
2023-06-16 09:55:18.121[main][org.apache.juli.logging.DirectJDKLog:173] INFO  - OpenSSL successfully initialized [OpenSSL 1.1.1c  28 May 2019]
2023-06-16 09:55:18.131[main][org.apache.juli.logging.DirectJDKLog:173] INFO  - Initializing ProtocolHandler ["http-nio-8080"]
2023-06-16 09:55:18.131[main][org.apache.juli.logging.DirectJDKLog:173] INFO  - Starting service [Tomcat]
2023-06-16 09:55:18.131[main][org.apache.juli.logging.DirectJDKLog:173] INFO  - Starting Servlet engine: [Apache Tomcat/9.0.75]
2023-06-16 09:55:18.302[main][org.apache.juli.logging.DirectJDKLog:173] INFO  - Initializing Spring embedded WebApplicationContext
2023-06-16 09:55:18.312[main][org.springframework.boot.web.servlet.context.ServletWebServerApplicationContext:292] INFO  - Root WebApplicationContext: initialization completed in 2015 ms
2023-06-16 09:55:18.437[main][org.quartz.impl.StdSchedulerFactory:1220] INFO  - Using default implementation for ThreadExecutor
2023-06-16 09:55:18.447[main][org.quartz.core.SchedulerSignalerImpl:61] INFO  - Initialized Scheduler Signaller of type: class org.quartz.core.SchedulerSignalerImpl
2023-06-16 09:55:18.447[main][org.quartz.core.QuartzScheduler:229] INFO  - Quartz Scheduler v.2.3.2 created.
2023-06-16 09:55:18.447[main][org.quartz.simpl.RAMJobStore:155] INFO  - RAMJobStore initialized.
2023-06-16 09:55:18.447[main][org.quartz.core.QuartzScheduler:294] INFO  - Scheduler meta-data: Quartz Scheduler (v2.3.2) 'quartzScheduler' with instanceId 'NON_CLUSTERED'
  Scheduler class: 'org.quartz.core.QuartzScheduler' - running locally.
  NOT STARTED.
  Currently in standby mode.
  Number of jobs executed: 0
  Using thread pool 'org.quartz.simpl.SimpleThreadPool' - with 10 threads.
  Using job-store 'org.quartz.simpl.RAMJobStore' - which does not support persistence. and is not clustered.

2023-06-16 09:55:18.447[main][org.quartz.impl.StdSchedulerFactory:1374] INFO  - Quartz scheduler 'quartzScheduler' initialized from an externally provided properties instance.
2023-06-16 09:55:18.447[main][org.quartz.impl.StdSchedulerFactory:1378] INFO  - Quartz scheduler version: 2.3.2
2023-06-16 09:55:18.463[main][org.quartz.core.QuartzScheduler:2293] INFO  - JobFactory set to: org.springframework.scheduling.quartz.SpringBeanJobFactory@13e9f2e2
2023-06-16 09:55:18.889[main][org.apache.juli.logging.DirectJDKLog:173] INFO  - Starting ProtocolHandler ["http-nio-8080"]
2023-06-16 09:55:18.920[main][org.springframework.boot.web.embedded.tomcat.TomcatWebServer:220] INFO  - Tomcat started on port(s): 8080 (http) with context path ''
2023-06-16 09:55:18.920[main][org.springframework.scheduling.quartz.SchedulerFactoryBean:729] INFO  - Starting Quartz Scheduler now
2023-06-16 09:55:18.920[main][org.quartz.core.QuartzScheduler:547] INFO  - Scheduler quartzScheduler_$_NON_CLUSTERED started.
2023-06-16 09:55:18.920[main][com.lp.quartz_simple.init.SysInit:50] INFO  - 【配置】开始加载基础信息
2023-06-16 09:55:18.920[main][com.lp.quartz_simple.init.SysInit:53] INFO  - 【配置】开始加载本机信息
2023-06-16 09:55:21.524[main][com.lp.quartz_simple.init.SysInit:59] INFO  - 【配置】本机ip:[172.17.228.17]
2023-06-16 09:55:21.598[main][com.lp.quartz_simple.init.SysInit:60] INFO  - 【配置】本机port:[8080]
2023-06-16 09:55:21.598[main][com.lp.quartz_simple.init.SysInit:61] INFO  - 【配置】本机信息加载成功
2023-06-16 09:55:21.598[main][com.lp.quartz_simple.init.SysInit:63] INFO  - 【配置】开始加载本机任务信息
2023-06-16 09:55:21.598[main][com.lp.quartz_simple.init.SysInit:68] INFO  - 【配置】任务名:[print_info]
2023-06-16 09:55:21.598[main][com.lp.quartz_simple.init.SysInit:69] INFO  - 【配置】任务分组:[print]
2023-06-16 09:55:21.598[main][com.lp.quartz_simple.init.SysInit:74] INFO  - 【配置】任务名:[fetch_task]，默认任务cron表达式[0/10 * * * * * ]
2023-06-16 09:55:21.598[main][com.lp.quartz_simple.init.SysInit:75] INFO  - 【配置】任务分组:[fetch]
2023-06-16 09:55:21.598[main][com.lp.quartz_simple.init.SysInit:76] INFO  - 【配置】本机任务信息加载成功
2023-06-16 09:55:21.598[main][com.lp.quartz_simple.init.SysInit:78] INFO  - 【配置】开始初始化基本信息
2023-06-16 09:55:21.598[main][com.lp.quartz_simple.init.SysInit:80] INFO  - 【配置】初始化基本信息成功
2023-06-16 09:55:21.598[main][com.lp.quartz_simple.init.SysInit:82] INFO  - 【配置】基础信息加载完毕
2023-06-16 09:55:21.608[main][org.springframework.boot.StartupInfoLogger:61] INFO  - Started QuartzSimpleApplication in 7.404 seconds (JVM running for 10.352)
2023-06-16 09:55:21.623[main][com.lp.quartz_simple.QuartzSimpleApplication:13] INFO  - 项目初始化完成
