2023-03-08 09:28:20.958[main][com.alibaba.boot.nacos.config.util.NacosConfigPropertiesUtils:47] INFO  - nacosConfigProperties : NacosConfigProperties{serverAddr='127.0.0.1:8848', contextPath='null', encode='null', endpoint='null', namespace='null', accessKey='null', secretKey='null', ramRoleName='null', autoRefresh=false, dataId='null', dataIds='null', group='DEFAULT_GROUP', type=PROPERTIES, maxRetry='null', configLongPollTimeout='null', configRetryTime='null', enableRemoteSyncConfig=false, extConfig=[], bootstrap=Bootstrap{enable=false, logEnable=false}}
2023-03-08 09:28:21.212[main][com.alibaba.boot.nacos.config.util.NacosConfigPropertiesUtils:47] INFO  - nacosConfigProperties : NacosConfigProperties{serverAddr='127.0.0.1:8848', contextPath='null', encode='null', endpoint='null', namespace='null', accessKey='null', secretKey='null', ramRoleName='null', autoRefresh=false, dataId='null', dataIds='null', group='DEFAULT_GROUP', type=PROPERTIES, maxRetry='null', configLongPollTimeout='null', configRetryTime='null', enableRemoteSyncConfig=false, extConfig=[], bootstrap=Bootstrap{enable=false, logEnable=false}}
2023-03-08 09:28:21.236[main][com.alibaba.boot.nacos.config.autoconfigure.NacosConfigApplicationContextInitializer:76] INFO  - [Nacos Config Boot] : The preload configuration is not enabled
2023-03-08 09:28:21.250[main][org.springframework.boot.StartupInfoLogger:55] INFO  - Starting NacosDemoApplication using Java 1.8.0_281 on DESKTOP-T987IHU with PID 7552 (E:\github\myResource_02\start_demo_02\nacos_demo\target\classes started by TY in E:\github\myResource_02\start_demo_02)
2023-03-08 09:28:21.252[main][org.springframework.boot.SpringApplication:631] INFO  - No active profile set, falling back to 1 default profile: "default"
2023-03-08 09:28:24.134[main][com.alibaba.nacos.plugin.auth.spi.client.ClientAuthPluginManager:56] INFO  - [ClientAuthPluginManager] Load ClientAuthService com.alibaba.nacos.client.auth.impl.NacosClientAuthServiceImpl success.
2023-03-08 09:28:24.134[main][com.alibaba.nacos.plugin.auth.spi.client.ClientAuthPluginManager:56] INFO  - [ClientAuthPluginManager] Load ClientAuthService com.alibaba.nacos.client.auth.ram.RamClientAuthServiceImpl success.
2023-03-08 09:28:34.762[main][org.springframework.boot.web.embedded.tomcat.TomcatWebServer:108] INFO  - Tomcat initialized with port(s): 8080 (http)
2023-03-08 09:28:34.778[main][org.apache.juli.logging.DirectJDKLog:173] INFO  - Initializing ProtocolHandler ["http-nio-8080"]
2023-03-08 09:28:34.778[main][org.apache.juli.logging.DirectJDKLog:173] INFO  - Starting service [Tomcat]
2023-03-08 09:28:34.778[main][org.apache.juli.logging.DirectJDKLog:173] INFO  - Starting Servlet engine: [Apache Tomcat/9.0.71]
2023-03-08 09:28:35.023[main][org.apache.juli.logging.DirectJDKLog:173] INFO  - Initializing Spring embedded WebApplicationContext
2023-03-08 09:28:35.039[main][org.springframework.boot.web.servlet.context.ServletWebServerApplicationContext:292] INFO  - Root WebApplicationContext: initialization completed in 13673 ms
2023-03-08 09:28:35.827[main][com.alibaba.nacos.plugin.auth.spi.client.ClientAuthPluginManager:56] INFO  - [ClientAuthPluginManager] Load ClientAuthService com.alibaba.nacos.client.auth.impl.NacosClientAuthServiceImpl success.
2023-03-08 09:28:35.828[main][com.alibaba.nacos.plugin.auth.spi.client.ClientAuthPluginManager:56] INFO  - [ClientAuthPluginManager] Load ClientAuthService com.alibaba.nacos.client.auth.ram.RamClientAuthServiceImpl success.
2023-03-08 09:28:39.190[main][org.apache.juli.logging.DirectJDKLog:173] INFO  - Starting ProtocolHandler ["http-nio-8080"]
2023-03-08 09:28:39.218[main][org.springframework.boot.web.embedded.tomcat.TomcatWebServer:220] INFO  - Tomcat started on port(s): 8080 (http) with context path ''
2023-03-08 09:28:39.266[main][com.alibaba.nacos.spring.context.event.LoggingNacosConfigMetadataEventListener:54] INFO  - Nacos Config Metadata : dataId='example', groupId='DEFAULT_GROUP', beanName='nacosDemoApplication', bean='null', beanType='class com.lp.nacos_demo.NacosDemoApplication', annotatedElement='null', xmlResource='null', nacosProperties='{serverAddr=127.0.0.1:8848, encode=UTF-8, enableRemoteSyncConfig=false}', nacosPropertiesAttributes='{accessKey=${nacos.access-key:}, clusterName=${nacos.cluster-name:}, configLongPollTimeout=${nacos.configLongPollTimeout:}, configRetryTime=${nacos.configRetryTime:}, contextPath=${nacos.context-path:}, enableRemoteSyncConfig=${nacos.enableRemoteSyncConfig:}, encode=${nacos.encode:UTF-8}, endpoint=${nacos.endpoint:}, maxRetry=${nacos.maxRetry:}, namespace=${nacos.namespace:}, password=${nacos.password:}, secretKey=${nacos.secret-key:}, serverAddr=${nacos.server-addr:}, username=${nacos.username:}}', source='com.lp.nacos_demo.NacosDemoApplication', timestamp='1678238913824'
2023-03-08 09:28:39.358[main][org.springframework.boot.StartupInfoLogger:61] INFO  - Started NacosDemoApplication in 19.642 seconds (JVM running for 25.699)
2023-03-08 09:28:39.364[main][com.lp.nacos_demo.NacosDemoApplication:15] INFO  - 项目初始化完成
2023-03-08 09:36:01.596[main][com.alibaba.boot.nacos.config.util.NacosConfigPropertiesUtils:47] INFO  - nacosConfigProperties : NacosConfigProperties{serverAddr='localhost:8848/nacos', contextPath='null', encode='null', endpoint='null', namespace='null', accessKey='null', secretKey='null', ramRoleName='null', autoRefresh=false, dataId='null', dataIds='null', group='DEFAULT_GROUP', type=PROPERTIES, maxRetry='null', configLongPollTimeout='null', configRetryTime='null', enableRemoteSyncConfig=false, extConfig=[], bootstrap=Bootstrap{enable=false, logEnable=false}}
2023-03-08 09:36:02.003[main][com.alibaba.boot.nacos.config.util.NacosConfigPropertiesUtils:47] INFO  - nacosConfigProperties : NacosConfigProperties{serverAddr='localhost:8848/nacos', contextPath='null', encode='null', endpoint='null', namespace='null', accessKey='null', secretKey='null', ramRoleName='null', autoRefresh=false, dataId='null', dataIds='null', group='DEFAULT_GROUP', type=PROPERTIES, maxRetry='null', configLongPollTimeout='null', configRetryTime='null', enableRemoteSyncConfig=false, extConfig=[], bootstrap=Bootstrap{enable=false, logEnable=false}}
2023-03-08 09:36:02.016[main][com.alibaba.boot.nacos.config.autoconfigure.NacosConfigApplicationContextInitializer:76] INFO  - [Nacos Config Boot] : The preload configuration is not enabled
2023-03-08 09:36:02.057[main][org.springframework.boot.StartupInfoLogger:55] INFO  - Starting NacosDemoApplication using Java 1.8.0_281 on DESKTOP-T987IHU with PID 8988 (E:\github\myResource_02\start_demo_02\nacos_demo\target\classes started by TY in E:\github\myResource_02\start_demo_02)
2023-03-08 09:36:02.059[main][org.springframework.boot.SpringApplication:631] INFO  - No active profile set, falling back to 1 default profile: "default"
2023-03-08 09:36:03.798[main][com.alibaba.nacos.plugin.auth.spi.client.ClientAuthPluginManager:56] INFO  - [ClientAuthPluginManager] Load ClientAuthService com.alibaba.nacos.client.auth.impl.NacosClientAuthServiceImpl success.
2023-03-08 09:36:03.798[main][com.alibaba.nacos.plugin.auth.spi.client.ClientAuthPluginManager:56] INFO  - [ClientAuthPluginManager] Load ClientAuthService com.alibaba.nacos.client.auth.ram.RamClientAuthServiceImpl success.
2023-03-08 09:36:11.231[main][org.springframework.boot.web.embedded.tomcat.TomcatWebServer:108] INFO  - Tomcat initialized with port(s): 8080 (http)
2023-03-08 09:36:11.241[main][org.apache.juli.logging.DirectJDKLog:173] INFO  - Initializing ProtocolHandler ["http-nio-8080"]
2023-03-08 09:36:11.242[main][org.apache.juli.logging.DirectJDKLog:173] INFO  - Starting service [Tomcat]
2023-03-08 09:36:11.243[main][org.apache.juli.logging.DirectJDKLog:173] INFO  - Starting Servlet engine: [Apache Tomcat/9.0.71]
2023-03-08 09:36:11.428[main][org.apache.juli.logging.DirectJDKLog:173] INFO  - Initializing Spring embedded WebApplicationContext
2023-03-08 09:36:11.428[main][org.springframework.boot.web.servlet.context.ServletWebServerApplicationContext:292] INFO  - Root WebApplicationContext: initialization completed in 9211 ms
2023-03-08 09:36:12.115[main][com.alibaba.nacos.plugin.auth.spi.client.ClientAuthPluginManager:56] INFO  - [ClientAuthPluginManager] Load ClientAuthService com.alibaba.nacos.client.auth.impl.NacosClientAuthServiceImpl success.
2023-03-08 09:36:12.115[main][com.alibaba.nacos.plugin.auth.spi.client.ClientAuthPluginManager:56] INFO  - [ClientAuthPluginManager] Load ClientAuthService com.alibaba.nacos.client.auth.ram.RamClientAuthServiceImpl success.
2023-03-08 09:36:12.398[main][org.apache.juli.logging.DirectJDKLog:173] INFO  - Starting ProtocolHandler ["http-nio-8080"]
2023-03-08 09:36:12.412[main][org.springframework.boot.web.embedded.tomcat.TomcatWebServer:220] INFO  - Tomcat started on port(s): 8080 (http) with context path ''
2023-03-08 09:36:12.431[main][com.alibaba.nacos.spring.context.event.LoggingNacosConfigMetadataEventListener:54] INFO  - Nacos Config Metadata : dataId='example', groupId='DEFAULT_GROUP', beanName='nacosDemoApplication', bean='null', beanType='class com.lp.nacos_demo.NacosDemoApplication', annotatedElement='null', xmlResource='null', nacosProperties='{serverAddr=localhost:8848/nacos, encode=UTF-8, enableRemoteSyncConfig=false}', nacosPropertiesAttributes='{accessKey=${nacos.access-key:}, clusterName=${nacos.cluster-name:}, configLongPollTimeout=${nacos.configLongPollTimeout:}, configRetryTime=${nacos.configRetryTime:}, contextPath=${nacos.context-path:}, enableRemoteSyncConfig=${nacos.enableRemoteSyncConfig:}, encode=${nacos.encode:UTF-8}, endpoint=${nacos.endpoint:}, maxRetry=${nacos.maxRetry:}, namespace=${nacos.namespace:}, password=${nacos.password:}, secretKey=${nacos.secret-key:}, serverAddr=${nacos.server-addr:}, username=${nacos.username:}}', source='com.lp.nacos_demo.NacosDemoApplication', timestamp='1678239370612'
2023-03-08 09:36:12.463[main][org.springframework.boot.StartupInfoLogger:61] INFO  - Started NacosDemoApplication in 12.281 seconds (JVM running for 15.202)
2023-03-08 09:36:12.463[main][com.lp.nacos_demo.NacosDemoApplication:15] INFO  - 项目初始化完成
2023-03-08 09:37:36.122[http-nio-8080-exec-1][org.apache.juli.logging.DirectJDKLog:173] INFO  - Initializing Spring DispatcherServlet 'dispatcherServlet'
2023-03-08 09:37:36.123[http-nio-8080-exec-1][org.springframework.web.servlet.FrameworkServlet:525] INFO  - Initializing Servlet 'dispatcherServlet'
2023-03-08 09:37:36.128[http-nio-8080-exec-1][org.springframework.web.servlet.FrameworkServlet:547] INFO  - Completed initialization in 5 ms
2023-03-08 09:45:57.320[main][com.alibaba.boot.nacos.config.util.NacosConfigPropertiesUtils:47] INFO  - nacosConfigProperties : NacosConfigProperties{serverAddr='127.0.0.1:8848', contextPath='null', encode='null', endpoint='null', namespace='null', accessKey='null', secretKey='null', ramRoleName='null', autoRefresh=false, dataId='null', dataIds='null', group='DEFAULT_GROUP', type=PROPERTIES, maxRetry='null', configLongPollTimeout='null', configRetryTime='null', enableRemoteSyncConfig=false, extConfig=[], bootstrap=Bootstrap{enable=false, logEnable=false}}
2023-03-08 09:45:57.754[main][com.alibaba.boot.nacos.config.util.NacosConfigPropertiesUtils:47] INFO  - nacosConfigProperties : NacosConfigProperties{serverAddr='127.0.0.1:8848', contextPath='null', encode='null', endpoint='null', namespace='null', accessKey='null', secretKey='null', ramRoleName='null', autoRefresh=false, dataId='null', dataIds='null', group='DEFAULT_GROUP', type=PROPERTIES, maxRetry='null', configLongPollTimeout='null', configRetryTime='null', enableRemoteSyncConfig=false, extConfig=[], bootstrap=Bootstrap{enable=false, logEnable=false}}
2023-03-08 09:45:57.799[main][com.alibaba.boot.nacos.config.autoconfigure.NacosConfigApplicationContextInitializer:76] INFO  - [Nacos Config Boot] : The preload configuration is not enabled
2023-03-08 09:45:57.822[main][org.springframework.boot.StartupInfoLogger:55] INFO  - Starting NacosDemoApplication using Java 1.8.0_281 on DESKTOP-T987IHU with PID 728 (E:\github\myResource_02\start_demo_02\nacos_demo\target\classes started by TY in E:\github\myResource_02\start_demo_02)
2023-03-08 09:45:57.825[main][org.springframework.boot.SpringApplication:631] INFO  - No active profile set, falling back to 1 default profile: "default"
2023-03-08 09:45:59.474[main][com.alibaba.nacos.plugin.auth.spi.client.ClientAuthPluginManager:56] INFO  - [ClientAuthPluginManager] Load ClientAuthService com.alibaba.nacos.client.auth.impl.NacosClientAuthServiceImpl success.
2023-03-08 09:45:59.475[main][com.alibaba.nacos.plugin.auth.spi.client.ClientAuthPluginManager:56] INFO  - [ClientAuthPluginManager] Load ClientAuthService com.alibaba.nacos.client.auth.ram.RamClientAuthServiceImpl success.
2023-03-08 09:46:07.684[main][org.springframework.boot.web.embedded.tomcat.TomcatWebServer:108] INFO  - Tomcat initialized with port(s): 8080 (http)
2023-03-08 09:46:07.684[main][org.apache.juli.logging.DirectJDKLog:173] INFO  - Initializing ProtocolHandler ["http-nio-8080"]
2023-03-08 09:46:07.684[main][org.apache.juli.logging.DirectJDKLog:173] INFO  - Starting service [Tomcat]
2023-03-08 09:46:07.684[main][org.apache.juli.logging.DirectJDKLog:173] INFO  - Starting Servlet engine: [Apache Tomcat/9.0.71]
2023-03-08 09:46:07.864[main][org.apache.juli.logging.DirectJDKLog:173] INFO  - Initializing Spring embedded WebApplicationContext
2023-03-08 09:46:07.864[main][org.springframework.boot.web.servlet.context.ServletWebServerApplicationContext:292] INFO  - Root WebApplicationContext: initialization completed in 9859 ms
2023-03-08 09:46:08.006[main][com.alibaba.nacos.plugin.auth.spi.client.ClientAuthPluginManager:56] INFO  - [ClientAuthPluginManager] Load ClientAuthService com.alibaba.nacos.client.auth.impl.NacosClientAuthServiceImpl success.
2023-03-08 09:46:08.006[main][com.alibaba.nacos.plugin.auth.spi.client.ClientAuthPluginManager:56] INFO  - [ClientAuthPluginManager] Load ClientAuthService com.alibaba.nacos.client.auth.ram.RamClientAuthServiceImpl success.
2023-03-08 09:46:08.879[main][org.apache.juli.logging.DirectJDKLog:173] INFO  - Starting ProtocolHandler ["http-nio-8080"]
2023-03-08 09:46:08.879[main][org.springframework.boot.web.embedded.tomcat.TomcatWebServer:220] INFO  - Tomcat started on port(s): 8080 (http) with context path ''
2023-03-08 09:46:08.917[main][com.alibaba.nacos.spring.context.event.LoggingNacosConfigMetadataEventListener:54] INFO  - Nacos Config Metadata : dataId='example', groupId='DEFAULT_GROUP', beanName='nacosDemoApplication', bean='null', beanType='class com.lp.nacos_demo.NacosDemoApplication', annotatedElement='null', xmlResource='null', nacosProperties='{serverAddr=127.0.0.1:8848, encode=UTF-8, enableRemoteSyncConfig=false}', nacosPropertiesAttributes='{accessKey=${nacos.access-key:}, clusterName=${nacos.cluster-name:}, configLongPollTimeout=${nacos.configLongPollTimeout:}, configRetryTime=${nacos.configRetryTime:}, contextPath=${nacos.context-path:}, enableRemoteSyncConfig=${nacos.enableRemoteSyncConfig:}, encode=${nacos.encode:UTF-8}, endpoint=${nacos.endpoint:}, maxRetry=${nacos.maxRetry:}, namespace=${nacos.namespace:}, password=${nacos.password:}, secretKey=${nacos.secret-key:}, serverAddr=${nacos.server-addr:}, username=${nacos.username:}}', source='com.lp.nacos_demo.NacosDemoApplication', timestamp='1678239967053'
2023-03-08 09:46:08.928[main][org.springframework.boot.StartupInfoLogger:61] INFO  - Started NacosDemoApplication in 13.552 seconds (JVM running for 17.16)
2023-03-08 09:46:08.944[main][com.lp.nacos_demo.NacosDemoApplication:15] INFO  - 项目初始化完成
2023-03-08 09:46:37.316[http-nio-8080-exec-2][org.apache.juli.logging.DirectJDKLog:173] INFO  - Initializing Spring DispatcherServlet 'dispatcherServlet'
2023-03-08 09:46:37.316[http-nio-8080-exec-2][org.springframework.web.servlet.FrameworkServlet:525] INFO  - Initializing Servlet 'dispatcherServlet'
2023-03-08 09:46:37.318[http-nio-8080-exec-2][org.springframework.web.servlet.FrameworkServlet:547] INFO  - Completed initialization in 2 ms
2023-03-08 09:51:44.400[main][com.alibaba.boot.nacos.config.util.NacosConfigPropertiesUtils:47] INFO  - nacosConfigProperties : NacosConfigProperties{serverAddr='127.0.0.1:8848', contextPath='null', encode='null', endpoint='null', namespace='null', accessKey='null', secretKey='null', ramRoleName='null', autoRefresh=false, dataId='null', dataIds='null', group='DEFAULT_GROUP', type=PROPERTIES, maxRetry='null', configLongPollTimeout='null', configRetryTime='null', enableRemoteSyncConfig=false, extConfig=[], bootstrap=Bootstrap{enable=false, logEnable=false}}
2023-03-08 09:51:44.632[main][com.alibaba.boot.nacos.config.util.NacosConfigPropertiesUtils:47] INFO  - nacosConfigProperties : NacosConfigProperties{serverAddr='127.0.0.1:8848', contextPath='null', encode='null', endpoint='null', namespace='null', accessKey='null', secretKey='null', ramRoleName='null', autoRefresh=false, dataId='null', dataIds='null', group='DEFAULT_GROUP', type=PROPERTIES, maxRetry='null', configLongPollTimeout='null', configRetryTime='null', enableRemoteSyncConfig=false, extConfig=[], bootstrap=Bootstrap{enable=false, logEnable=false}}
2023-03-08 09:51:44.646[main][com.alibaba.boot.nacos.config.autoconfigure.NacosConfigApplicationContextInitializer:76] INFO  - [Nacos Config Boot] : The preload configuration is not enabled
2023-03-08 09:51:44.658[main][org.springframework.boot.StartupInfoLogger:55] INFO  - Starting NacosDemoApplication using Java 1.8.0_281 on DESKTOP-T987IHU with PID 4252 (E:\github\myResource_02\start_demo_02\nacos_demo\target\classes started by TY in E:\github\myResource_02\start_demo_02)
2023-03-08 09:51:44.694[main][org.springframework.boot.SpringApplication:631] INFO  - No active profile set, falling back to 1 default profile: "default"
2023-03-08 09:51:46.291[main][com.alibaba.nacos.plugin.auth.spi.client.ClientAuthPluginManager:56] INFO  - [ClientAuthPluginManager] Load ClientAuthService com.alibaba.nacos.client.auth.impl.NacosClientAuthServiceImpl success.
2023-03-08 09:51:46.291[main][com.alibaba.nacos.plugin.auth.spi.client.ClientAuthPluginManager:56] INFO  - [ClientAuthPluginManager] Load ClientAuthService com.alibaba.nacos.client.auth.ram.RamClientAuthServiceImpl success.
2023-03-08 09:51:53.283[main][org.springframework.boot.web.embedded.tomcat.TomcatWebServer:108] INFO  - Tomcat initialized with port(s): 8080 (http)
2023-03-08 09:51:53.299[main][org.apache.juli.logging.DirectJDKLog:173] INFO  - Initializing ProtocolHandler ["http-nio-8080"]
2023-03-08 09:51:53.299[main][org.apache.juli.logging.DirectJDKLog:173] INFO  - Starting service [Tomcat]
2023-03-08 09:51:53.299[main][org.apache.juli.logging.DirectJDKLog:173] INFO  - Starting Servlet engine: [Apache Tomcat/9.0.71]
2023-03-08 09:51:53.455[main][org.apache.juli.logging.DirectJDKLog:173] INFO  - Initializing Spring embedded WebApplicationContext
2023-03-08 09:51:53.455[main][org.springframework.boot.web.servlet.context.ServletWebServerApplicationContext:292] INFO  - Root WebApplicationContext: initialization completed in 8559 ms
2023-03-08 09:51:53.580[main][com.alibaba.nacos.plugin.auth.spi.client.ClientAuthPluginManager:56] INFO  - [ClientAuthPluginManager] Load ClientAuthService com.alibaba.nacos.client.auth.impl.NacosClientAuthServiceImpl success.
2023-03-08 09:51:53.580[main][com.alibaba.nacos.plugin.auth.spi.client.ClientAuthPluginManager:56] INFO  - [ClientAuthPluginManager] Load ClientAuthService com.alibaba.nacos.client.auth.ram.RamClientAuthServiceImpl success.
2023-03-08 09:51:54.388[main][org.apache.juli.logging.DirectJDKLog:173] INFO  - Starting ProtocolHandler ["http-nio-8080"]
2023-03-08 09:51:54.402[main][org.springframework.boot.web.embedded.tomcat.TomcatWebServer:220] INFO  - Tomcat started on port(s): 8080 (http) with context path ''
2023-03-08 09:51:54.427[main][com.alibaba.nacos.spring.context.event.LoggingNacosConfigMetadataEventListener:54] INFO  - Nacos Config Metadata : dataId='example', groupId='DEFAULT_GROUP', beanName='nacosDemoApplication', bean='null', beanType='class com.lp.nacos_demo.NacosDemoApplication', annotatedElement='null', xmlResource='null', nacosProperties='{serverAddr=127.0.0.1:8848, encode=UTF-8, enableRemoteSyncConfig=false}', nacosPropertiesAttributes='{accessKey=${nacos.access-key:}, clusterName=${nacos.cluster-name:}, configLongPollTimeout=${nacos.configLongPollTimeout:}, configRetryTime=${nacos.configRetryTime:}, contextPath=${nacos.context-path:}, enableRemoteSyncConfig=${nacos.enableRemoteSyncConfig:}, encode=${nacos.encode:UTF-8}, endpoint=${nacos.endpoint:}, maxRetry=${nacos.maxRetry:}, namespace=${nacos.namespace:}, password=${nacos.password:}, secretKey=${nacos.secret-key:}, serverAddr=${nacos.server-addr:}, username=${nacos.username:}}', source='com.lp.nacos_demo.NacosDemoApplication', timestamp='1678240312666'
2023-03-08 09:51:54.456[main][org.springframework.boot.StartupInfoLogger:61] INFO  - Started NacosDemoApplication in 11.365 seconds (JVM running for 14.295)
2023-03-08 09:51:54.459[main][com.lp.nacos_demo.NacosDemoApplication:15] INFO  - 项目初始化完成
2023-03-08 09:52:10.869[http-nio-8080-exec-1][org.apache.juli.logging.DirectJDKLog:173] INFO  - Initializing Spring DispatcherServlet 'dispatcherServlet'
2023-03-08 09:52:10.870[http-nio-8080-exec-1][org.springframework.web.servlet.FrameworkServlet:525] INFO  - Initializing Servlet 'dispatcherServlet'
2023-03-08 09:52:10.873[http-nio-8080-exec-1][org.springframework.web.servlet.FrameworkServlet:547] INFO  - Completed initialization in 3 ms
2023-03-08 10:24:10.303[main][com.alibaba.boot.nacos.config.util.NacosConfigPropertiesUtils:47] INFO  - nacosConfigProperties : NacosConfigProperties{serverAddr='127.0.0.1:8848', contextPath='null', encode='null', endpoint='null', namespace='null', accessKey='null', secretKey='null', ramRoleName='null', autoRefresh=false, dataId='null', dataIds='null', group='DEFAULT_GROUP', type=PROPERTIES, maxRetry='null', configLongPollTimeout='null', configRetryTime='null', enableRemoteSyncConfig=false, extConfig=[], bootstrap=Bootstrap{enable=false, logEnable=false}}
2023-03-08 10:24:10.517[main][com.alibaba.boot.nacos.config.util.NacosConfigPropertiesUtils:47] INFO  - nacosConfigProperties : NacosConfigProperties{serverAddr='127.0.0.1:8848', contextPath='null', encode='null', endpoint='null', namespace='null', accessKey='null', secretKey='null', ramRoleName='null', autoRefresh=false, dataId='null', dataIds='null', group='DEFAULT_GROUP', type=PROPERTIES, maxRetry='null', configLongPollTimeout='null', configRetryTime='null', enableRemoteSyncConfig=false, extConfig=[], bootstrap=Bootstrap{enable=false, logEnable=false}}
2023-03-08 10:24:10.533[main][com.alibaba.boot.nacos.config.autoconfigure.NacosConfigApplicationContextInitializer:76] INFO  - [Nacos Config Boot] : The preload configuration is not enabled
2023-03-08 10:24:10.595[main][org.springframework.boot.StartupInfoLogger:55] INFO  - Starting NacosDemoApplication using Java 1.8.0_281 on DESKTOP-T987IHU with PID 5616 (E:\github\myResource_02\start_demo_02\nacos_demo\target\classes started by TY in E:\github\myResource_02\start_demo_02)
2023-03-08 10:24:10.595[main][org.springframework.boot.SpringApplication:631] INFO  - No active profile set, falling back to 1 default profile: "default"
2023-03-08 10:24:11.941[main][com.alibaba.nacos.plugin.auth.spi.client.ClientAuthPluginManager:56] INFO  - [ClientAuthPluginManager] Load ClientAuthService com.alibaba.nacos.client.auth.impl.NacosClientAuthServiceImpl success.
2023-03-08 10:24:11.941[main][com.alibaba.nacos.plugin.auth.spi.client.ClientAuthPluginManager:56] INFO  - [ClientAuthPluginManager] Load ClientAuthService com.alibaba.nacos.client.auth.ram.RamClientAuthServiceImpl success.
2023-03-08 10:24:18.766[main][org.springframework.boot.web.embedded.tomcat.TomcatWebServer:108] INFO  - Tomcat initialized with port(s): 8080 (http)
2023-03-08 10:24:18.766[main][org.apache.juli.logging.DirectJDKLog:173] INFO  - Initializing ProtocolHandler ["http-nio-8080"]
2023-03-08 10:24:18.766[main][org.apache.juli.logging.DirectJDKLog:173] INFO  - Starting service [Tomcat]
2023-03-08 10:24:18.766[main][org.apache.juli.logging.DirectJDKLog:173] INFO  - Starting Servlet engine: [Apache Tomcat/9.0.71]
2023-03-08 10:24:18.953[main][org.apache.juli.logging.DirectJDKLog:173] INFO  - Initializing Spring embedded WebApplicationContext
2023-03-08 10:24:18.953[main][org.springframework.boot.web.servlet.context.ServletWebServerApplicationContext:292] INFO  - Root WebApplicationContext: initialization completed in 8233 ms
2023-03-08 10:24:19.094[main][com.alibaba.nacos.plugin.auth.spi.client.ClientAuthPluginManager:56] INFO  - [ClientAuthPluginManager] Load ClientAuthService com.alibaba.nacos.client.auth.impl.NacosClientAuthServiceImpl success.
2023-03-08 10:24:19.094[main][com.alibaba.nacos.plugin.auth.spi.client.ClientAuthPluginManager:56] INFO  - [ClientAuthPluginManager] Load ClientAuthService com.alibaba.nacos.client.auth.ram.RamClientAuthServiceImpl success.
2023-03-08 10:24:19.855[main][org.apache.juli.logging.DirectJDKLog:173] INFO  - Starting ProtocolHandler ["http-nio-8080"]
2023-03-08 10:24:19.868[main][org.springframework.boot.web.embedded.tomcat.TomcatWebServer:220] INFO  - Tomcat started on port(s): 8080 (http) with context path ''
2023-03-08 10:24:19.895[main][com.alibaba.nacos.spring.context.event.LoggingNacosConfigMetadataEventListener:54] INFO  - Nacos Config Metadata : dataId='example', groupId='DEFAULT_GROUP', beanName='nacosDemoApplication', bean='null', beanType='class com.lp.nacos_demo.NacosDemoApplication', annotatedElement='null', xmlResource='null', nacosProperties='{serverAddr=127.0.0.1:8848, encode=UTF-8, enableRemoteSyncConfig=false}', nacosPropertiesAttributes='{accessKey=${nacos.access-key:}, clusterName=${nacos.cluster-name:}, configLongPollTimeout=${nacos.configLongPollTimeout:}, configRetryTime=${nacos.configRetryTime:}, contextPath=${nacos.context-path:}, enableRemoteSyncConfig=${nacos.enableRemoteSyncConfig:}, encode=${nacos.encode:UTF-8}, endpoint=${nacos.endpoint:}, maxRetry=${nacos.maxRetry:}, namespace=${nacos.namespace:}, password=${nacos.password:}, secretKey=${nacos.secret-key:}, serverAddr=${nacos.server-addr:}, username=${nacos.username:}}', source='com.lp.nacos_demo.NacosDemoApplication', timestamp='1678242258141'
2023-03-08 10:24:19.929[main][org.springframework.boot.StartupInfoLogger:61] INFO  - Started NacosDemoApplication in 10.961 seconds (JVM running for 13.962)
2023-03-08 10:24:19.934[main][com.lp.nacos_demo.NacosDemoApplication:15] INFO  - 项目初始化完成
2023-03-08 10:26:45.210[http-nio-8080-exec-1][org.apache.juli.logging.DirectJDKLog:173] INFO  - Initializing Spring DispatcherServlet 'dispatcherServlet'
2023-03-08 10:26:45.211[http-nio-8080-exec-1][org.springframework.web.servlet.FrameworkServlet:525] INFO  - Initializing Servlet 'dispatcherServlet'
2023-03-08 10:26:45.214[http-nio-8080-exec-1][org.springframework.web.servlet.FrameworkServlet:547] INFO  - Completed initialization in 3 ms
2023-03-08 14:22:45.305[main][com.alibaba.boot.nacos.config.util.NacosConfigPropertiesUtils:47] INFO  - nacosConfigProperties : NacosConfigProperties{serverAddr='127.0.0.1:8848', contextPath='null', encode='null', endpoint='null', namespace='null', accessKey='null', secretKey='null', ramRoleName='null', autoRefresh=false, dataId='null', dataIds='null', group='DEFAULT_GROUP', type=PROPERTIES, maxRetry='null', configLongPollTimeout='null', configRetryTime='null', enableRemoteSyncConfig=false, extConfig=[], bootstrap=Bootstrap{enable=false, logEnable=false}}
2023-03-08 14:22:45.514[main][com.alibaba.boot.nacos.config.util.NacosConfigPropertiesUtils:47] INFO  - nacosConfigProperties : NacosConfigProperties{serverAddr='127.0.0.1:8848', contextPath='null', encode='null', endpoint='null', namespace='null', accessKey='null', secretKey='null', ramRoleName='null', autoRefresh=false, dataId='null', dataIds='null', group='DEFAULT_GROUP', type=PROPERTIES, maxRetry='null', configLongPollTimeout='null', configRetryTime='null', enableRemoteSyncConfig=false, extConfig=[], bootstrap=Bootstrap{enable=false, logEnable=false}}
2023-03-08 14:22:45.529[main][com.alibaba.boot.nacos.config.autoconfigure.NacosConfigApplicationContextInitializer:76] INFO  - [Nacos Config Boot] : The preload configuration is not enabled
2023-03-08 14:22:45.570[main][org.springframework.boot.StartupInfoLogger:55] INFO  - Starting NacosDemoApplication using Java 1.8.0_281 on DESKTOP-T987IHU with PID 8708 (E:\github\myResource_02\start_demo_02\nacos_demo\target\classes started by TY in E:\github\myResource_02\start_demo_02)
2023-03-08 14:22:45.570[main][org.springframework.boot.SpringApplication:631] INFO  - No active profile set, falling back to 1 default profile: "default"
2023-03-08 14:22:47.031[main][com.alibaba.nacos.plugin.auth.spi.client.ClientAuthPluginManager:56] INFO  - [ClientAuthPluginManager] Load ClientAuthService com.alibaba.nacos.client.auth.impl.NacosClientAuthServiceImpl success.
2023-03-08 14:22:47.031[main][com.alibaba.nacos.plugin.auth.spi.client.ClientAuthPluginManager:56] INFO  - [ClientAuthPluginManager] Load ClientAuthService com.alibaba.nacos.client.auth.ram.RamClientAuthServiceImpl success.
2023-03-08 14:22:53.688[main][org.springframework.boot.web.embedded.tomcat.TomcatWebServer:108] INFO  - Tomcat initialized with port(s): 8080 (http)
2023-03-08 14:22:53.698[main][org.apache.juli.logging.DirectJDKLog:173] INFO  - Initializing ProtocolHandler ["http-nio-8080"]
2023-03-08 14:22:53.698[main][org.apache.juli.logging.DirectJDKLog:173] INFO  - Starting service [Tomcat]
2023-03-08 14:22:53.699[main][org.apache.juli.logging.DirectJDKLog:173] INFO  - Starting Servlet engine: [Apache Tomcat/9.0.71]
2023-03-08 14:22:53.887[main][org.apache.juli.logging.DirectJDKLog:173] INFO  - Initializing Spring embedded WebApplicationContext
2023-03-08 14:22:53.887[main][org.springframework.boot.web.servlet.context.ServletWebServerApplicationContext:292] INFO  - Root WebApplicationContext: initialization completed in 8155 ms
2023-03-08 14:22:54.055[main][com.alibaba.nacos.plugin.auth.spi.client.ClientAuthPluginManager:56] INFO  - [ClientAuthPluginManager] Load ClientAuthService com.alibaba.nacos.client.auth.impl.NacosClientAuthServiceImpl success.
2023-03-08 14:22:54.056[main][com.alibaba.nacos.plugin.auth.spi.client.ClientAuthPluginManager:56] INFO  - [ClientAuthPluginManager] Load ClientAuthService com.alibaba.nacos.client.auth.ram.RamClientAuthServiceImpl success.
2023-03-08 14:22:54.868[main][org.apache.juli.logging.DirectJDKLog:173] INFO  - Starting ProtocolHandler ["http-nio-8080"]
2023-03-08 14:22:54.881[main][org.springframework.boot.web.embedded.tomcat.TomcatWebServer:220] INFO  - Tomcat started on port(s): 8080 (http) with context path ''
2023-03-08 14:22:54.906[main][com.alibaba.nacos.spring.context.event.LoggingNacosConfigMetadataEventListener:54] INFO  - Nacos Config Metadata : dataId='example', groupId='DEFAULT_GROUP', beanName='nacosDemoApplication', bean='null', beanType='class com.lp.nacos_demo.NacosDemoApplication', annotatedElement='null', xmlResource='null', nacosProperties='{serverAddr=127.0.0.1:8848, encode=UTF-8, enableRemoteSyncConfig=false}', nacosPropertiesAttributes='{accessKey=${nacos.access-key:}, clusterName=${nacos.cluster-name:}, configLongPollTimeout=${nacos.configLongPollTimeout:}, configRetryTime=${nacos.configRetryTime:}, contextPath=${nacos.context-path:}, enableRemoteSyncConfig=${nacos.enableRemoteSyncConfig:}, encode=${nacos.encode:UTF-8}, endpoint=${nacos.endpoint:}, maxRetry=${nacos.maxRetry:}, namespace=${nacos.namespace:}, password=${nacos.password:}, secretKey=${nacos.secret-key:}, serverAddr=${nacos.server-addr:}, username=${nacos.username:}}', source='com.lp.nacos_demo.NacosDemoApplication', timestamp='1678256573088'
2023-03-08 14:22:54.937[main][org.springframework.boot.StartupInfoLogger:61] INFO  - Started NacosDemoApplication in 10.849 seconds (JVM running for 13.959)
2023-03-08 14:22:54.940[main][com.lp.nacos_demo.NacosDemoApplication:15] INFO  - 项目初始化完成
2023-03-08 14:24:45.985[http-nio-8080-exec-2][org.apache.juli.logging.DirectJDKLog:173] INFO  - Initializing Spring DispatcherServlet 'dispatcherServlet'
2023-03-08 14:24:45.986[http-nio-8080-exec-2][org.springframework.web.servlet.FrameworkServlet:525] INFO  - Initializing Servlet 'dispatcherServlet'
2023-03-08 14:24:45.989[http-nio-8080-exec-2][org.springframework.web.servlet.FrameworkServlet:547] INFO  - Completed initialization in 3 ms
