2023-07-12 13:54:42.776[main][org.springframework.boot.StartupInfoLogger:55] INFO  - Starting MapDemoApplicationTests using Java 1.8.0_281 on DESKTOP-T987IHU with PID 1744 (started by TY in E:\github\myResource_02\start_demo_02\map_demo)
2023-07-12 13:54:42.966[main][org.springframework.boot.SpringApplication:631] INFO  - No active profile set, falling back to 1 default profile: "default"
2023-07-12 13:54:49.789[main][org.springframework.boot.StartupInfoLogger:61] INFO  - Started MapDemoApplicationTests in 9.169 seconds (JVM running for 12.19)
2023-07-12 14:10:25.202[main][org.springframework.boot.StartupInfoLogger:55] INFO  - Starting MapDemoApplication using Java 1.8.0_281 on DESKTOP-T987IHU with PID 10304 (E:\github\myResource_02\start_demo_02\map_demo\target\classes started by TY in E:\github\myResource_02\start_demo_02)
2023-07-12 14:10:25.207[main][org.springframework.boot.SpringApplication:631] INFO  - No active profile set, falling back to 1 default profile: "default"
2023-07-12 14:10:27.314[main][org.springframework.boot.web.embedded.tomcat.TomcatWebServer:108] INFO  - Tomcat initialized with port(s): 8080 (http)
2023-07-12 14:10:27.314[main][org.apache.juli.logging.DirectJDKLog:173] INFO  - An older version [1.2.23] of the Apache Tomcat Native library is installed, while Tomcat recommends a minimum version of [1.2.30]
2023-07-12 14:10:27.314[main][org.apache.juli.logging.DirectJDKLog:173] INFO  - Loaded Apache Tomcat Native library [1.2.23] using APR version [1.7.0].
2023-07-12 14:10:27.314[main][org.apache.juli.logging.DirectJDKLog:173] INFO  - APR capabilities: IPv6 [true], sendfile [true], accept filters [false], random [true], UDS [false].
2023-07-12 14:10:27.314[main][org.apache.juli.logging.DirectJDKLog:173] INFO  - APR/OpenSSL configuration: useAprConnector [false], useOpenSSL [true]
2023-07-12 14:10:27.344[main][org.apache.juli.logging.DirectJDKLog:173] INFO  - OpenSSL successfully initialized [OpenSSL 1.1.1c  28 May 2019]
2023-07-12 14:10:27.362[main][org.apache.juli.logging.DirectJDKLog:173] INFO  - Initializing ProtocolHandler ["http-nio-8080"]
2023-07-12 14:10:27.364[main][org.apache.juli.logging.DirectJDKLog:173] INFO  - Starting service [Tomcat]
2023-07-12 14:10:27.364[main][org.apache.juli.logging.DirectJDKLog:173] INFO  - Starting Servlet engine: [Apache Tomcat/9.0.76]
2023-07-12 14:10:27.665[main][org.apache.juli.logging.DirectJDKLog:173] INFO  - Initializing Spring embedded WebApplicationContext
2023-07-12 14:10:27.665[main][org.springframework.boot.web.servlet.context.ServletWebServerApplicationContext:292] INFO  - Root WebApplicationContext: initialization completed in 2377 ms
2023-07-12 14:10:29.656[main][org.apache.juli.logging.DirectJDKLog:173] INFO  - Starting ProtocolHandler ["http-nio-8080"]
2023-07-12 14:10:29.677[main][org.springframework.boot.web.embedded.tomcat.TomcatWebServer:220] INFO  - Tomcat started on port(s): 8080 (http) with context path ''
2023-07-12 14:10:29.707[main][org.springframework.boot.StartupInfoLogger:61] INFO  - Started MapDemoApplication in 6.05 seconds (JVM running for 8.688)
2023-07-12 14:10:29.711[main][com.lp.map_demo.MapDemoApplication:13] INFO  - 项目初始化结束
2023-07-12 14:10:35.016[http-nio-8080-exec-2][org.apache.juli.logging.DirectJDKLog:173] INFO  - Initializing Spring DispatcherServlet 'dispatcherServlet'
2023-07-12 14:10:35.017[http-nio-8080-exec-2][org.springframework.web.servlet.FrameworkServlet:525] INFO  - Initializing Servlet 'dispatcherServlet'
2023-07-12 14:10:35.020[http-nio-8080-exec-2][org.springframework.web.servlet.FrameworkServlet:547] INFO  - Completed initialization in 3 ms
2023-07-12 14:10:35.814[http-nio-8080-exec-2][com.lp.map_demo.utils.MapUtils:91] INFO  - 调用高德地图接口返回的结果为:{"status":"0","info":"INVALID_USER_KEY","infocode":"10001"}
2023-07-12 14:10:35.895[http-nio-8080-exec-2][com.lp.map_demo.controller.MapController:48] INFO  - 请求公交路线规划,返回的结果为:{}
2023-07-12 14:34:04.679[main][org.springframework.boot.StartupInfoLogger:55] INFO  - Starting MapDemoApplication using Java 1.8.0_281 on DESKTOP-T987IHU with PID 4148 (E:\github\myResource_02\start_demo_02\map_demo\target\classes started by TY in E:\github\myResource_02\start_demo_02)
2023-07-12 14:34:04.685[main][org.springframework.boot.SpringApplication:631] INFO  - No active profile set, falling back to 1 default profile: "default"
2023-07-12 14:34:07.501[main][org.springframework.boot.web.embedded.tomcat.TomcatWebServer:108] INFO  - Tomcat initialized with port(s): 8080 (http)
2023-07-12 14:34:07.505[main][org.apache.juli.logging.DirectJDKLog:173] INFO  - An older version [1.2.23] of the Apache Tomcat Native library is installed, while Tomcat recommends a minimum version of [1.2.30]
2023-07-12 14:34:07.505[main][org.apache.juli.logging.DirectJDKLog:173] INFO  - Loaded Apache Tomcat Native library [1.2.23] using APR version [1.7.0].
2023-07-12 14:34:07.505[main][org.apache.juli.logging.DirectJDKLog:173] INFO  - APR capabilities: IPv6 [true], sendfile [true], accept filters [false], random [true], UDS [false].
2023-07-12 14:34:07.509[main][org.apache.juli.logging.DirectJDKLog:173] INFO  - APR/OpenSSL configuration: useAprConnector [false], useOpenSSL [true]
2023-07-12 14:34:07.515[main][org.apache.juli.logging.DirectJDKLog:173] INFO  - OpenSSL successfully initialized [OpenSSL 1.1.1c  28 May 2019]
2023-07-12 14:34:07.535[main][org.apache.juli.logging.DirectJDKLog:173] INFO  - Initializing ProtocolHandler ["http-nio-8080"]
2023-07-12 14:34:07.539[main][org.apache.juli.logging.DirectJDKLog:173] INFO  - Starting service [Tomcat]
2023-07-12 14:34:07.539[main][org.apache.juli.logging.DirectJDKLog:173] INFO  - Starting Servlet engine: [Apache Tomcat/9.0.76]
2023-07-12 14:34:08.014[main][org.apache.juli.logging.DirectJDKLog:173] INFO  - Initializing Spring embedded WebApplicationContext
2023-07-12 14:34:08.014[main][org.springframework.boot.web.servlet.context.ServletWebServerApplicationContext:292] INFO  - Root WebApplicationContext: initialization completed in 3189 ms
2023-07-12 14:34:09.855[main][org.apache.juli.logging.DirectJDKLog:173] INFO  - Starting ProtocolHandler ["http-nio-8080"]
2023-07-12 14:34:09.873[main][org.springframework.boot.web.embedded.tomcat.TomcatWebServer:220] INFO  - Tomcat started on port(s): 8080 (http) with context path ''
2023-07-12 14:34:09.903[main][org.springframework.boot.StartupInfoLogger:61] INFO  - Started MapDemoApplication in 7.078 seconds (JVM running for 10.103)
2023-07-12 14:34:09.903[main][com.lp.map_demo.MapDemoApplication:13] INFO  - 项目初始化结束
2023-07-12 14:35:02.860[http-nio-8080-exec-1][org.apache.juli.logging.DirectJDKLog:173] INFO  - Initializing Spring DispatcherServlet 'dispatcherServlet'
2023-07-12 14:35:02.860[http-nio-8080-exec-1][org.springframework.web.servlet.FrameworkServlet:525] INFO  - Initializing Servlet 'dispatcherServlet'
2023-07-12 14:35:02.864[http-nio-8080-exec-1][org.springframework.web.servlet.FrameworkServlet:547] INFO  - Completed initialization in 3 ms
2023-07-12 14:35:03.623[http-nio-8080-exec-1][com.lp.map_demo.utils.MapUtils:91] INFO  - 调用高德地图接口返回的结果为:{"info":"USERKEY_PLAT_NOMATCH","infocode":"10009","status":"0","sec_code_debug":"d41d8cd98f00b204e9800998ecf8427e","key":"3734e944496ccfdf82bbb7d168b17946","sec_code":"6b7f50a5fe0cd2ebb4b06b9873e203b2"}
2023-07-12 14:35:03.724[http-nio-8080-exec-1][com.lp.map_demo.controller.MapController:48] INFO  - 请求公交路线规划,返回的结果为:{}
2023-07-12 14:46:50.030[main][org.springframework.boot.StartupInfoLogger:55] INFO  - Starting MapDemoApplication using Java 1.8.0_281 on DESKTOP-T987IHU with PID 13572 (E:\github\myResource_02\start_demo_02\map_demo\target\classes started by TY in E:\github\myResource_02\start_demo_02)
2023-07-12 14:46:50.034[main][org.springframework.boot.SpringApplication:631] INFO  - No active profile set, falling back to 1 default profile: "default"
2023-07-12 14:46:52.329[main][org.springframework.boot.web.embedded.tomcat.TomcatWebServer:108] INFO  - Tomcat initialized with port(s): 8080 (http)
2023-07-12 14:46:52.331[main][org.apache.juli.logging.DirectJDKLog:173] INFO  - An older version [1.2.23] of the Apache Tomcat Native library is installed, while Tomcat recommends a minimum version of [1.2.30]
2023-07-12 14:46:52.331[main][org.apache.juli.logging.DirectJDKLog:173] INFO  - Loaded Apache Tomcat Native library [1.2.23] using APR version [1.7.0].
2023-07-12 14:46:52.332[main][org.apache.juli.logging.DirectJDKLog:173] INFO  - APR capabilities: IPv6 [true], sendfile [true], accept filters [false], random [true], UDS [false].
2023-07-12 14:46:52.333[main][org.apache.juli.logging.DirectJDKLog:173] INFO  - APR/OpenSSL configuration: useAprConnector [false], useOpenSSL [true]
2023-07-12 14:46:52.341[main][org.apache.juli.logging.DirectJDKLog:173] INFO  - OpenSSL successfully initialized [OpenSSL 1.1.1c  28 May 2019]
2023-07-12 14:46:52.355[main][org.apache.juli.logging.DirectJDKLog:173] INFO  - Initializing ProtocolHandler ["http-nio-8080"]
2023-07-12 14:46:52.356[main][org.apache.juli.logging.DirectJDKLog:173] INFO  - Starting service [Tomcat]
2023-07-12 14:46:52.356[main][org.apache.juli.logging.DirectJDKLog:173] INFO  - Starting Servlet engine: [Apache Tomcat/9.0.76]
2023-07-12 14:46:52.586[main][org.apache.juli.logging.DirectJDKLog:173] INFO  - Initializing Spring embedded WebApplicationContext
2023-07-12 14:46:52.586[main][org.springframework.boot.web.servlet.context.ServletWebServerApplicationContext:292] INFO  - Root WebApplicationContext: initialization completed in 2426 ms
2023-07-12 14:46:54.643[main][org.apache.juli.logging.DirectJDKLog:173] INFO  - Starting ProtocolHandler ["http-nio-8080"]
2023-07-12 14:46:54.663[main][org.springframework.boot.web.embedded.tomcat.TomcatWebServer:220] INFO  - Tomcat started on port(s): 8080 (http) with context path ''
2023-07-12 14:46:54.683[main][com.lp.map_demo.init.SysInit:25] INFO  - 开始配置基础信息
2023-07-12 14:46:54.691[main][com.lp.map_demo.init.SysInit:27] INFO  - 【配置】高德地图的key[ea5264b4961a0b69fc817bc5f08560dd]
2023-07-12 14:46:54.691[main][com.lp.map_demo.init.SysInit:28] INFO  - 配置基础信息结束
2023-07-12 14:46:54.693[main][org.springframework.boot.StartupInfoLogger:61] INFO  - Started MapDemoApplication in 6.159 seconds (JVM running for 8.69)
2023-07-12 14:46:54.693[main][com.lp.map_demo.MapDemoApplication:13] INFO  - 项目初始化结束
2023-07-12 14:47:01.083[http-nio-8080-exec-1][org.apache.juli.logging.DirectJDKLog:173] INFO  - Initializing Spring DispatcherServlet 'dispatcherServlet'
2023-07-12 14:47:01.083[http-nio-8080-exec-1][org.springframework.web.servlet.FrameworkServlet:525] INFO  - Initializing Servlet 'dispatcherServlet'
2023-07-12 14:47:01.088[http-nio-8080-exec-1][org.springframework.web.servlet.FrameworkServlet:547] INFO  - Completed initialization in 5 ms
2023-07-12 14:47:02.195[http-nio-8080-exec-1][com.lp.map_demo.utils.MapUtils:92] INFO  - 调用高德地图接口返回的结果为:{"status":"1","info":"OK","infocode":"10000","route":{"origin":"116.20,39.56","destination":"116.22,39.58","distance":"","cost":{},"transits":[]},"count":"0"}
2023-07-12 14:47:02.262[http-nio-8080-exec-1][com.lp.map_demo.controller.MapController:48] INFO  - 请求公交路线规划,返回的结果为:{}
2023-07-12 15:23:07.449[http-nio-8080-exec-7][com.lp.map_demo.controller.MapController:68] INFO  - 步行路线规划,入参请求为:{"origin":"116.20,39.56","destination":"116.22,39.58","isindoor":"0"}
2023-07-12 15:23:07.761[http-nio-8080-exec-7][com.lp.map_demo.utils.MapUtils:92] INFO  - 调用高德地图接口返回的结果为:{"status":"1","info":"OK","infocode":"10000","count":"1","route":{"origin":"116.20,39.56","destination":"116.22,39.58","paths":[{"distance":"4256","cost":{"duration":"3405"},"steps":[{"instruction":"向东南步行151米左转","orientation":"东南","road_name":"","step_distance":"151","cost":{"duration":"121"}},{"instruction":"向东步行247米右转","orientation":"东","road_name":"","step_distance":"247","cost":{"duration":"198"}},{"instruction":"向东步行359米左转","orientation":"东","road_name":"","step_distance":"359","cost":{"duration":"287"}},{"instruction":"向北步行574米右转","orientation":"北","road_name":"","step_distance":"574","cost":{"duration":"459"}},{"instruction":"向北步行338米右转","orientation":"北","road_name":"","step_distance":"338","cost":{"duration":"270"}},{"instruction":"向东步行302米左转","orientation":"东","road_name":"","step_distance":"302","cost":{"duration":"242"}},{"instruction":"沿兴旺街向北步行143米右转","orientation":"北","road_name":"兴旺街","step_distance":"143","cost":{"duration":"114"}},{"instruction":"沿光明路向东步行294米左转","orientation":"东","road_name":"光明路","step_distance":"294","cost":{"duration":"235"}},{"instruction":"沿光明路向北步行37米右转","orientation":"北","road_name":"光明路","step_distance":"37","cost":{"duration":"30"}},{"instruction":"沿光明路向东步行574米左转","orientation":"东","road_name":"光明路","step_distance":"574","cost":{"duration":"459"}},{"instruction":"沿右堤路向北步行1237米到达目的地","orientation":"北","road_name":"右堤路","step_distance":"1237","cost":{"duration":"990"}}]}]}}
2023-07-12 15:23:07.762[http-nio-8080-exec-7][com.lp.map_demo.utils.MapUtils:117] INFO  - 返回的结果为:{"distance":"4256"}
2023-07-12 15:23:07.763[http-nio-8080-exec-7][com.lp.map_demo.controller.MapController:70] INFO  - 步行路线规划,返回的结果为:{"distance":"4256"}
2023-07-12 15:23:10.036[http-nio-8080-exec-8][com.lp.map_demo.utils.MapUtils:92] INFO  - 调用高德地图接口返回的结果为:{"status":"1","info":"OK","infocode":"10000","route":{"origin":"116.20,39.56","destination":"116.22,39.58","distance":"","cost":{},"transits":[]},"count":"0"}
2023-07-12 15:23:10.040[http-nio-8080-exec-8][com.lp.map_demo.controller.MapController:48] INFO  - 请求公交路线规划,返回的结果为:{}
2023-07-12 15:47:49.308[http-nio-8080-exec-2][com.lp.map_demo.controller.MapController:68] INFO  - 步行路线规划,入参请求为:{"origin":"116.20,39.56","destination":"116.22,39.57","isindoor":"0"}
2023-07-12 15:47:49.639[http-nio-8080-exec-2][com.lp.map_demo.utils.MapUtils:92] INFO  - 调用高德地图接口返回的结果为:{"status":"1","info":"OK","infocode":"10000","count":"1","route":{"origin":"116.20,39.56","destination":"116.22,39.57","paths":[{"distance":"2856","cost":{"duration":"2285"},"steps":[{"instruction":"向东南步行151米左转","orientation":"东南","road_name":"","step_distance":"151","cost":{"duration":"121"}},{"instruction":"向东步行247米右转","orientation":"东","road_name":"","step_distance":"247","cost":{"duration":"198"}},{"instruction":"向东步行359米左转","orientation":"东","road_name":"","step_distance":"359","cost":{"duration":"287"}},{"instruction":"向北步行574米右转","orientation":"北","road_name":"","step_distance":"574","cost":{"duration":"459"}},{"instruction":"向北步行338米右转","orientation":"北","road_name":"","step_distance":"338","cost":{"duration":"270"}},{"instruction":"向东步行302米左转","orientation":"东","road_name":"","step_distance":"302","cost":{"duration":"242"}},{"instruction":"沿兴旺街向北步行143米右转","orientation":"北","road_name":"兴旺街","step_distance":"143","cost":{"duration":"114"}},{"instruction":"沿光明路向东步行294米左转","orientation":"东","road_name":"光明路","step_distance":"294","cost":{"duration":"235"}},{"instruction":"沿光明路向北步行37米右转","orientation":"北","road_name":"光明路","step_distance":"37","cost":{"duration":"30"}},{"instruction":"沿光明路向东步行318米左转","orientation":"东","road_name":"光明路","step_distance":"318","cost":{"duration":"254"}},{"instruction":"向北步行93米到达目的地","orientation":"北","road_name":"","step_distance":"93","cost":{"duration":"74"}}]}]}}
2023-07-12 15:47:49.640[http-nio-8080-exec-2][com.lp.map_demo.utils.MapUtils:117] INFO  - 返回的结果为:{"distance":"2856"}
2023-07-12 15:47:49.641[http-nio-8080-exec-2][com.lp.map_demo.controller.MapController:70] INFO  - 步行路线规划,返回的结果为:{"distance":"2856"}
2023-07-12 15:48:50.801[http-nio-8080-exec-4][com.lp.map_demo.controller.MapController:106] INFO  - 骑行路线规划,入参请求为:{"origin":"116.20,39.56","destination":"116.22,39.57"}
2023-07-12 15:48:51.130[http-nio-8080-exec-4][com.lp.map_demo.utils.MapUtils:92] INFO  - 调用高德地图接口返回的结果为:{"status":"1","info":"OK","infocode":"10000","count":"1","route":{"origin":"116.20,39.56","destination":"116.22,39.57","paths":[{"distance":"2856","duration":"904","steps":[{"instruction":"向东南骑行151米左转","orientation":"东南","road_name":"","step_distance":151,"cost":{"duration":"48"}},{"instruction":"向东骑行247米右转","orientation":"东","road_name":"","step_distance":247,"cost":{"duration":"78"}},{"instruction":"向东骑行359米左转","orientation":"东","road_name":"","step_distance":359,"cost":{"duration":"114"}},{"instruction":"向北骑行574米右转","orientation":"北","road_name":"","step_distance":574,"cost":{"duration":"182"}},{"instruction":"向北骑行338米右转","orientation":"北","road_name":"","step_distance":338,"cost":{"duration":"107"}},{"instruction":"向东骑行302米左转","orientation":"东","road_name":"","step_distance":302,"cost":{"duration":"96"}},{"instruction":"沿兴旺街向北骑行143米右转","orientation":"北","road_name":"兴旺街","step_distance":143,"cost":{"duration":"45"}},{"instruction":"沿光明路向东骑行294米左转","orientation":"东","road_name":"光明路","step_distance":294,"cost":{"duration":"93"}},{"instruction":"沿光明路向北骑行37米右转","orientation":"北","road_name":"光明路","step_distance":37,"cost":{"duration":"12"}},{"instruction":"沿光明路向东骑行318米左转","orientation":"东","road_name":"光明路","step_distance":318,"cost":{"duration":"101"}},{"instruction":"向北骑行93米到达目的地","orientation":"北","road_name":"","step_distance":93,"cost":{"duration":"29"}}]}]}}
2023-07-12 15:48:51.132[http-nio-8080-exec-4][com.lp.map_demo.utils.MapUtils:117] INFO  - 返回的结果为:{"duration":"904","distance":"2856"}
2023-07-12 15:48:51.133[http-nio-8080-exec-4][com.lp.map_demo.controller.MapController:108] INFO  - 骑行路线规划,返回的结果为:{"duration":"904","distance":"2856"}
2023-07-12 15:53:37.324[http-nio-8080-exec-7][com.lp.map_demo.controller.MapController:87] INFO  - 驾车路线规划,入参请求为:{"origin":"116.20,39.56","destination":"116.22,39.57"}
2023-07-12 15:53:37.721[http-nio-8080-exec-7][com.lp.map_demo.utils.MapUtils:92] INFO  - 调用高德地图接口返回的结果为:{"status":"1","info":"OK","infocode":"10000","count":"1","route":{"origin":"116.20,39.56","destination":"116.22,39.57","taxi_cost":"8","paths":[{"distance":"2926","restriction":"0","cost":{"duration":"573","tolls":"0","toll_distance":"0","traffic_lights":"0"},"steps":[{"instruction":"向北行驶231米左转","orientation":"北","step_distance":"231","cost":{"duration":"63","tolls":"0","toll_distance":"0","toll_road":"","traffic_lights":"0"}},{"instruction":"向西行驶129米右转","orientation":"西","step_distance":"129","cost":{"duration":"43","tolls":"0","toll_distance":"0","toll_road":"","traffic_lights":"0"}},{"instruction":"沿光明路向北行驶692米右转","orientation":"北","road_name":"光明路","step_distance":"692","cost":{"duration":"169","tolls":"0","toll_distance":"0","toll_road":"","traffic_lights":"0"}},{"instruction":"沿光明路向东行驶1.4千米左转","orientation":"东","road_name":"光明路","step_distance":"1425","cost":{"duration":"170","tolls":"0","toll_distance":"0","toll_road":"","traffic_lights":"0"}},{"instruction":"沿光明路向北行驶37米右转","orientation":"北","road_name":"光明路","step_distance":"37","cost":{"duration":"15","tolls":"0","toll_distance":"0","toll_road":"","traffic_lights":"0"}},{"instruction":"沿光明路向东行驶318米左转","orientation":"东","road_name":"光明路","step_distance":"318","cost":{"duration":"51","tolls":"0","toll_distance":"0","toll_road":"","traffic_lights":"0"}},{"instruction":"向北行驶94米到达目的地","orientation":"北","step_distance":"94","cost":{"duration":"62","tolls":"0","toll_distance":"0","toll_road":"","traffic_lights":"0"}}]}]}}
2023-07-12 15:53:37.722[http-nio-8080-exec-7][com.lp.map_demo.utils.MapUtils:117] INFO  - 返回的结果为:{"duration":"573","distance":"2926"}
2023-07-12 15:53:37.723[http-nio-8080-exec-7][com.lp.map_demo.controller.MapController:89] INFO  - 驾车路线规划,返回的结果为:{"duration":"573","distance":"2926"}
