2023-01-13 14:21:21.122[main][org.springframework.boot.StartupInfoLogger:55] INFO  - Starting SpringJpaApplication using Java 1.8.0_281 on DESKTOP-T987IHU with PID 14552 (E:\github\myResource_02\start_demo_02\spring_jpa\target\classes started by TY in E:\github\myResource_02\start_demo_02)
2023-01-13 14:21:21.122[main][org.springframework.boot.SpringApplication:631] INFO  - No active profile set, falling back to 1 default profile: "default"
2023-01-13 14:21:21.984[main][org.springframework.data.repository.config.RepositoryConfigurationDelegate:262] INFO  - Multiple Spring Data modules found, entering strict repository configuration mode
2023-01-13 14:21:21.984[main][org.springframework.data.repository.config.RepositoryConfigurationDelegate:132] INFO  - Bootstrapping Spring Data JPA repositories in DEFAULT mode.
2023-01-13 14:21:22.077[main][org.springframework.data.repository.config.RepositoryConfigurationDelegate:201] INFO  - Finished Spring Data repository scanning in 65 ms. Found 2 JPA repository interfaces.
2023-01-13 14:21:22.393[main][org.springframework.data.repository.config.RepositoryConfigurationDelegate:262] INFO  - Multiple Spring Data modules found, entering strict repository configuration mode
2023-01-13 14:21:22.395[main][org.springframework.data.repository.config.RepositoryConfigurationDelegate:132] INFO  - Bootstrapping Spring Data JDBC repositories in DEFAULT mode.
2023-01-13 14:21:22.405[main][org.springframework.data.repository.config.RepositoryConfigurationExtensionSupport:349] INFO  - Spring Data JDBC - Could not safely identify store assignment for repository candidate interface com.lp.spring_jpa.jpa.repository.UserRepository; If you want this repository to be a JDBC repository, consider annotating your entities with one of these annotations: org.springframework.data.relational.core.mapping.Table.
2023-01-13 14:21:22.407[main][org.springframework.data.repository.config.RepositoryConfigurationExtensionSupport:349] INFO  - Spring Data JDBC - Could not safely identify store assignment for repository candidate interface com.lp.spring_jpa.jpa.repository.UserRepository2; If you want this repository to be a JDBC repository, consider annotating your entities with one of these annotations: org.springframework.data.relational.core.mapping.Table.
2023-01-13 14:21:22.408[main][org.springframework.data.repository.config.RepositoryConfigurationDelegate:201] INFO  - Finished Spring Data repository scanning in 9 ms. Found 0 JDBC repository interfaces.
2023-01-13 14:21:23.019[main][org.springframework.boot.web.embedded.tomcat.TomcatWebServer:108] INFO  - Tomcat initialized with port(s): 8080 (http)
2023-01-13 14:21:23.032[main][org.apache.juli.logging.DirectJDKLog:173] INFO  - Initializing ProtocolHandler ["http-nio-8080"]
2023-01-13 14:21:23.034[main][org.apache.juli.logging.DirectJDKLog:173] INFO  - Starting service [Tomcat]
2023-01-13 14:21:23.034[main][org.apache.juli.logging.DirectJDKLog:173] INFO  - Starting Servlet engine: [Apache Tomcat/9.0.70]
2023-01-13 14:21:23.211[main][org.apache.juli.logging.DirectJDKLog:173] INFO  - Initializing Spring embedded WebApplicationContext
2023-01-13 14:21:23.212[main][org.springframework.boot.web.servlet.context.ServletWebServerApplicationContext:292] INFO  - Root WebApplicationContext: initialization completed in 1874 ms
2023-01-13 14:21:23.478[main][org.hibernate.Version:44] INFO  - HHH000412: Hibernate ORM core version 5.6.14.Final
2023-01-13 14:21:23.681[main][org.hibernate.annotations.common.reflection.java.JavaReflectionManager:56] INFO  - HCANN000001: Hibernate Commons Annotations {5.1.2.Final}
2023-01-13 14:21:23.822[main][com.zaxxer.hikari.HikariDataSource:110] INFO  - defaultDataSource - Starting...
2023-01-13 14:21:23.963[main][com.zaxxer.hikari.HikariDataSource:123] INFO  - defaultDataSource - Start completed.
2023-01-13 14:21:23.978[main][org.hibernate.dialect.Dialect:175] INFO  - HHH000400: Using dialect: org.hibernate.dialect.MySQL55Dialect
2023-01-13 14:21:24.682[main][org.hibernate.engine.transaction.jta.platform.internal.JtaPlatformInitiator:52] INFO  - HHH000490: Using JtaPlatform implementation: [org.hibernate.engine.transaction.jta.platform.internal.NoJtaPlatform]
2023-01-13 14:21:24.698[main][org.springframework.orm.jpa.AbstractEntityManagerFactoryBean:437] INFO  - Initialized JPA EntityManagerFactory for persistence unit 'default'
2023-01-13 14:21:25.699[main][org.apache.juli.logging.DirectJDKLog:173] INFO  - Starting ProtocolHandler ["http-nio-8080"]
2023-01-13 14:21:25.714[main][org.springframework.boot.web.embedded.tomcat.TomcatWebServer:220] INFO  - Tomcat started on port(s): 8080 (http) with context path ''
2023-01-13 14:21:25.730[main][org.springframework.boot.StartupInfoLogger:61] INFO  - Started SpringJpaApplication in 6.374 seconds (JVM running for 10.68)
2023-01-13 14:21:25.730[main][com.lp.spring_jpa.SpringJpaApplication:22] INFO  - 项目初始化完成
2023-01-13 14:45:47.700[main][org.springframework.boot.StartupInfoLogger:55] INFO  - Starting SpringJpaApplication using Java 1.8.0_281 on DESKTOP-T987IHU with PID 12076 (E:\github\myResource_02\start_demo_02\spring_jpa\target\classes started by TY in E:\github\myResource_02\start_demo_02)
2023-01-13 14:45:47.700[main][org.springframework.boot.SpringApplication:631] INFO  - No active profile set, falling back to 1 default profile: "default"
2023-01-13 14:45:48.998[main][org.springframework.data.repository.config.RepositoryConfigurationDelegate:262] INFO  - Multiple Spring Data modules found, entering strict repository configuration mode
2023-01-13 14:45:48.998[main][org.springframework.data.repository.config.RepositoryConfigurationDelegate:132] INFO  - Bootstrapping Spring Data JPA repositories in DEFAULT mode.
2023-01-13 14:45:49.092[main][org.springframework.data.repository.config.RepositoryConfigurationDelegate:201] INFO  - Finished Spring Data repository scanning in 69 ms. Found 2 JPA repository interfaces.
2023-01-13 14:45:49.420[main][org.springframework.data.repository.config.RepositoryConfigurationDelegate:262] INFO  - Multiple Spring Data modules found, entering strict repository configuration mode
2023-01-13 14:45:49.420[main][org.springframework.data.repository.config.RepositoryConfigurationDelegate:132] INFO  - Bootstrapping Spring Data JDBC repositories in DEFAULT mode.
2023-01-13 14:45:49.420[main][org.springframework.data.repository.config.RepositoryConfigurationExtensionSupport:349] INFO  - Spring Data JDBC - Could not safely identify store assignment for repository candidate interface com.lp.spring_jpa.jpa.repository.UserRepository; If you want this repository to be a JDBC repository, consider annotating your entities with one of these annotations: org.springframework.data.relational.core.mapping.Table.
2023-01-13 14:45:49.420[main][org.springframework.data.repository.config.RepositoryConfigurationExtensionSupport:349] INFO  - Spring Data JDBC - Could not safely identify store assignment for repository candidate interface com.lp.spring_jpa.jpa.repository.UserRepository2; If you want this repository to be a JDBC repository, consider annotating your entities with one of these annotations: org.springframework.data.relational.core.mapping.Table.
2023-01-13 14:45:49.420[main][org.springframework.data.repository.config.RepositoryConfigurationDelegate:201] INFO  - Finished Spring Data repository scanning in 6 ms. Found 0 JDBC repository interfaces.
2023-01-13 14:45:50.127[main][org.springframework.boot.web.embedded.tomcat.TomcatWebServer:108] INFO  - Tomcat initialized with port(s): 8080 (http)
2023-01-13 14:45:50.136[main][org.apache.juli.logging.DirectJDKLog:173] INFO  - Initializing ProtocolHandler ["http-nio-8080"]
2023-01-13 14:45:50.137[main][org.apache.juli.logging.DirectJDKLog:173] INFO  - Starting service [Tomcat]
2023-01-13 14:45:50.138[main][org.apache.juli.logging.DirectJDKLog:173] INFO  - Starting Servlet engine: [Apache Tomcat/9.0.70]
2023-01-13 14:45:50.332[main][org.apache.juli.logging.DirectJDKLog:173] INFO  - Initializing Spring embedded WebApplicationContext
2023-01-13 14:45:50.333[main][org.springframework.boot.web.servlet.context.ServletWebServerApplicationContext:292] INFO  - Root WebApplicationContext: initialization completed in 2429 ms
2023-01-13 14:45:50.640[main][org.hibernate.Version:44] INFO  - HHH000412: Hibernate ORM core version 5.6.14.Final
2023-01-13 14:45:50.850[main][org.hibernate.annotations.common.reflection.java.JavaReflectionManager:56] INFO  - HCANN000001: Hibernate Commons Annotations {5.1.2.Final}
2023-01-13 14:45:50.993[main][com.zaxxer.hikari.HikariDataSource:110] INFO  - defaultDataSource - Starting...
2023-01-13 14:45:51.149[main][com.zaxxer.hikari.HikariDataSource:123] INFO  - defaultDataSource - Start completed.
2023-01-13 14:45:51.165[main][org.hibernate.dialect.Dialect:175] INFO  - HHH000400: Using dialect: org.hibernate.dialect.MySQL55Dialect
2023-01-13 14:45:51.852[main][org.hibernate.engine.transaction.jta.platform.internal.JtaPlatformInitiator:52] INFO  - HHH000490: Using JtaPlatform implementation: [org.hibernate.engine.transaction.jta.platform.internal.NoJtaPlatform]
2023-01-13 14:45:51.868[main][org.springframework.orm.jpa.AbstractEntityManagerFactoryBean:437] INFO  - Initialized JPA EntityManagerFactory for persistence unit 'default'
2023-01-13 14:45:52.853[main][org.apache.juli.logging.DirectJDKLog:173] INFO  - Starting ProtocolHandler ["http-nio-8080"]
2023-01-13 14:45:52.869[main][org.springframework.boot.web.embedded.tomcat.TomcatWebServer:220] INFO  - Tomcat started on port(s): 8080 (http) with context path ''
2023-01-13 14:45:52.900[main][org.springframework.boot.StartupInfoLogger:61] INFO  - Started SpringJpaApplication in 6.701 seconds (JVM running for 9.593)
2023-01-13 14:45:52.900[main][com.lp.spring_jpa.SpringJpaApplication:22] INFO  - 项目初始化完成
2023-01-13 14:47:52.976[http-nio-8080-exec-1][org.apache.juli.logging.DirectJDKLog:173] INFO  - Initializing Spring DispatcherServlet 'dispatcherServlet'
2023-01-13 14:47:52.976[http-nio-8080-exec-1][org.springframework.web.servlet.FrameworkServlet:525] INFO  - Initializing Servlet 'dispatcherServlet'
2023-01-13 14:47:52.979[http-nio-8080-exec-1][org.springframework.web.servlet.FrameworkServlet:547] INFO  - Completed initialization in 3 ms
