2023-04-17 09:22:11.732[main][org.springframework.boot.StartupInfoLogger:55] INFO  - Starting MediumDemoApplication using Java 1.8.0_281 on DESKTOP-T987IHU with PID 6384 (E:\github\myResource_02\start_demo_02\medium_demo\target\classes started by TY in E:\github\myResource_02\start_demo_02)
2023-04-17 09:22:12.283[main][org.springframework.boot.SpringApplication:631] INFO  - No active profile set, falling back to 1 default profile: "default"
2023-04-17 09:22:14.400[main][org.springframework.boot.web.embedded.tomcat.TomcatWebServer:108] INFO  - Tomcat initialized with port(s): 8080 (http)
2023-04-17 09:22:14.401[main][org.apache.juli.logging.DirectJDKLog:173] INFO  - An older version [1.2.23] of the Apache Tomcat Native library is installed, while Tomcat recommends a minimum version of [1.2.30]
2023-04-17 09:22:14.404[main][org.apache.juli.logging.DirectJDKLog:173] INFO  - Loaded Apache Tomcat Native library [1.2.23] using APR version [1.7.0].
2023-04-17 09:22:14.404[main][org.apache.juli.logging.DirectJDKLog:173] INFO  - APR capabilities: IPv6 [true], sendfile [true], accept filters [false], random [true], UDS [false].
2023-04-17 09:22:14.404[main][org.apache.juli.logging.DirectJDKLog:173] INFO  - APR/OpenSSL configuration: useAprConnector [false], useOpenSSL [true]
2023-04-17 09:22:14.430[main][org.apache.juli.logging.DirectJDKLog:173] INFO  - OpenSSL successfully initialized [OpenSSL 1.1.1c  28 May 2019]
2023-04-17 09:22:14.444[main][org.apache.juli.logging.DirectJDKLog:173] INFO  - Initializing ProtocolHandler ["http-nio-8080"]
2023-04-17 09:22:14.445[main][org.apache.juli.logging.DirectJDKLog:173] INFO  - Starting service [Tomcat]
2023-04-17 09:22:14.445[main][org.apache.juli.logging.DirectJDKLog:173] INFO  - Starting Servlet engine: [Apache Tomcat/9.0.71]
2023-04-17 09:22:14.664[main][org.apache.juli.logging.DirectJDKLog:173] INFO  - Initializing Spring embedded WebApplicationContext
2023-04-17 09:22:14.665[main][org.springframework.boot.web.servlet.context.ServletWebServerApplicationContext:292] INFO  - Root WebApplicationContext: initialization completed in 2253 ms
2023-04-17 09:22:15.020[main][org.springframework.boot.autoconfigure.web.servlet.WelcomePageHandlerMapping:53] INFO  - Adding welcome page: class path resource [static/index.html]
2023-04-17 09:22:15.239[main][org.apache.juli.logging.DirectJDKLog:173] INFO  - Starting ProtocolHandler ["http-nio-8080"]
2023-04-17 09:22:15.266[main][org.springframework.boot.web.embedded.tomcat.TomcatWebServer:220] INFO  - Tomcat started on port(s): 8080 (http) with context path ''
2023-04-17 09:22:15.312[main][com.lp.medium_demo.SystemInit:29] INFO  - 项目启动成功
2023-04-17 09:22:15.312[main][com.lp.medium_demo.vedio.fx.vedio_init.VedioInit:23] INFO  - 开始创建javaFX应用程序
2023-04-17 09:23:25.858[main][org.springframework.boot.StartupInfoLogger:55] INFO  - Starting MediumDemoApplication using Java 1.8.0_281 on DESKTOP-T987IHU with PID 19432 (E:\github\myResource_02\start_demo_02\medium_demo\target\classes started by TY in E:\github\myResource_02\start_demo_02)
2023-04-17 09:23:25.864[main][org.springframework.boot.SpringApplication:631] INFO  - No active profile set, falling back to 1 default profile: "default"
2023-04-17 09:23:27.898[main][org.springframework.boot.web.embedded.tomcat.TomcatWebServer:108] INFO  - Tomcat initialized with port(s): 8080 (http)
2023-04-17 09:23:27.900[main][org.apache.juli.logging.DirectJDKLog:173] INFO  - An older version [1.2.23] of the Apache Tomcat Native library is installed, while Tomcat recommends a minimum version of [1.2.30]
2023-04-17 09:23:27.900[main][org.apache.juli.logging.DirectJDKLog:173] INFO  - Loaded Apache Tomcat Native library [1.2.23] using APR version [1.7.0].
2023-04-17 09:23:27.901[main][org.apache.juli.logging.DirectJDKLog:173] INFO  - APR capabilities: IPv6 [true], sendfile [true], accept filters [false], random [true], UDS [false].
2023-04-17 09:23:27.901[main][org.apache.juli.logging.DirectJDKLog:173] INFO  - APR/OpenSSL configuration: useAprConnector [false], useOpenSSL [true]
2023-04-17 09:23:27.907[main][org.apache.juli.logging.DirectJDKLog:173] INFO  - OpenSSL successfully initialized [OpenSSL 1.1.1c  28 May 2019]
2023-04-17 09:23:27.920[main][org.apache.juli.logging.DirectJDKLog:173] INFO  - Initializing ProtocolHandler ["http-nio-8080"]
2023-04-17 09:23:27.921[main][org.apache.juli.logging.DirectJDKLog:173] INFO  - Starting service [Tomcat]
2023-04-17 09:23:27.922[main][org.apache.juli.logging.DirectJDKLog:173] INFO  - Starting Servlet engine: [Apache Tomcat/9.0.71]
2023-04-17 09:23:28.124[main][org.apache.juli.logging.DirectJDKLog:173] INFO  - Initializing Spring embedded WebApplicationContext
2023-04-17 09:23:28.124[main][org.springframework.boot.web.servlet.context.ServletWebServerApplicationContext:292] INFO  - Root WebApplicationContext: initialization completed in 2105 ms
2023-04-17 09:23:28.413[main][org.springframework.boot.autoconfigure.web.servlet.WelcomePageHandlerMapping:53] INFO  - Adding welcome page: class path resource [static/index.html]
2023-04-17 09:23:28.581[main][org.apache.juli.logging.DirectJDKLog:173] INFO  - Starting ProtocolHandler ["http-nio-8080"]
2023-04-17 09:23:28.606[main][org.springframework.boot.web.embedded.tomcat.TomcatWebServer:220] INFO  - Tomcat started on port(s): 8080 (http) with context path ''
2023-04-17 09:23:28.641[main][com.lp.medium_demo.SystemInit:29] INFO  - 项目启动成功
2023-04-17 09:23:28.647[main][org.springframework.boot.StartupInfoLogger:61] INFO  - Started MediumDemoApplication in 4.15 seconds (JVM running for 6.824)
2023-04-17 09:23:28.652[main][com.lp.medium_demo.MediumDemoApplication:13] INFO  - 项目初始化完成
2023-04-17 09:23:46.337[http-nio-8080-exec-1][org.apache.juli.logging.DirectJDKLog:173] INFO  - Initializing Spring DispatcherServlet 'dispatcherServlet'
2023-04-17 09:23:46.338[http-nio-8080-exec-1][org.springframework.web.servlet.FrameworkServlet:525] INFO  - Initializing Servlet 'dispatcherServlet'
2023-04-17 09:23:46.341[http-nio-8080-exec-1][org.springframework.web.servlet.FrameworkServlet:547] INFO  - Completed initialization in 3 ms
2023-04-17 09:24:49.630[main][org.springframework.boot.StartupInfoLogger:55] INFO  - Starting MediumDemoApplication using Java 1.8.0_281 on DESKTOP-T987IHU with PID 608 (E:\github\myResource_02\start_demo_02\medium_demo\target\classes started by TY in E:\github\myResource_02\start_demo_02)
2023-04-17 09:24:49.637[main][org.springframework.boot.SpringApplication:631] INFO  - No active profile set, falling back to 1 default profile: "default"
2023-04-17 09:24:51.873[main][org.springframework.boot.web.embedded.tomcat.TomcatWebServer:108] INFO  - Tomcat initialized with port(s): 8080 (http)
2023-04-17 09:24:51.874[main][org.apache.juli.logging.DirectJDKLog:173] INFO  - An older version [1.2.23] of the Apache Tomcat Native library is installed, while Tomcat recommends a minimum version of [1.2.30]
2023-04-17 09:24:51.875[main][org.apache.juli.logging.DirectJDKLog:173] INFO  - Loaded Apache Tomcat Native library [1.2.23] using APR version [1.7.0].
2023-04-17 09:24:51.875[main][org.apache.juli.logging.DirectJDKLog:173] INFO  - APR capabilities: IPv6 [true], sendfile [true], accept filters [false], random [true], UDS [false].
2023-04-17 09:24:51.875[main][org.apache.juli.logging.DirectJDKLog:173] INFO  - APR/OpenSSL configuration: useAprConnector [false], useOpenSSL [true]
2023-04-17 09:24:51.881[main][org.apache.juli.logging.DirectJDKLog:173] INFO  - OpenSSL successfully initialized [OpenSSL 1.1.1c  28 May 2019]
2023-04-17 09:24:51.893[main][org.apache.juli.logging.DirectJDKLog:173] INFO  - Initializing ProtocolHandler ["http-nio-8080"]
2023-04-17 09:24:51.894[main][org.apache.juli.logging.DirectJDKLog:173] INFO  - Starting service [Tomcat]
2023-04-17 09:24:51.894[main][org.apache.juli.logging.DirectJDKLog:173] INFO  - Starting Servlet engine: [Apache Tomcat/9.0.71]
2023-04-17 09:24:52.058[main][org.apache.juli.logging.DirectJDKLog:173] INFO  - Initializing Spring embedded WebApplicationContext
2023-04-17 09:24:52.058[main][org.springframework.boot.web.servlet.context.ServletWebServerApplicationContext:292] INFO  - Root WebApplicationContext: initialization completed in 2208 ms
2023-04-17 09:24:52.361[main][org.springframework.boot.autoconfigure.web.servlet.WelcomePageHandlerMapping:53] INFO  - Adding welcome page: class path resource [static/index.html]
2023-04-17 09:24:52.515[main][org.apache.juli.logging.DirectJDKLog:173] INFO  - Starting ProtocolHandler ["http-nio-8080"]
2023-04-17 09:24:52.534[main][org.springframework.boot.web.embedded.tomcat.TomcatWebServer:220] INFO  - Tomcat started on port(s): 8080 (http) with context path ''
2023-04-17 09:24:52.561[main][com.lp.medium_demo.SystemInit:29] INFO  - 项目启动成功
2023-04-17 09:24:52.566[main][org.springframework.boot.StartupInfoLogger:61] INFO  - Started MediumDemoApplication in 4.129 seconds (JVM running for 6.868)
2023-04-17 09:24:52.571[main][com.lp.medium_demo.MediumDemoApplication:13] INFO  - 项目初始化完成
2023-04-17 09:24:59.856[http-nio-8080-exec-2][org.apache.juli.logging.DirectJDKLog:173] INFO  - Initializing Spring DispatcherServlet 'dispatcherServlet'
2023-04-17 09:24:59.856[http-nio-8080-exec-2][org.springframework.web.servlet.FrameworkServlet:525] INFO  - Initializing Servlet 'dispatcherServlet'
2023-04-17 09:24:59.858[http-nio-8080-exec-2][org.springframework.web.servlet.FrameworkServlet:547] INFO  - Completed initialization in 2 ms
