2023-03-01 10:47:10.906[main][org.springframework.boot.SpringApplication:821] ERROR - Application run failed
java.lang.IllegalStateException: java.lang.IllegalStateException: Logback configuration error detected: 
ERROR in ch.qos.logback.core.pattern.parser.Compiler@15ca7889 - Failed to instantiate converter class [com.lp.spring_jpa.log.convert.LogIpConfig] for keyword [ip] ch.qos.logback.core.util.DynamicClassLoadingException: Failed to instantiate type com.lp.spring_jpa.log.convert.LogIpConfig
ERROR in ch.qos.logback.core.pattern.parser.Compiler@15ca7889 - [ip] is not a valid conversion word
ERROR in ch.qos.logback.core.pattern.parser.Compiler@15ca7889 - Failed to instantiate converter class [com.lp.spring_jpa.log.convert.LevelColorClassicConverter] for keyword [color] ch.qos.logback.core.util.DynamicClassLoadingException: Failed to instantiate type com.lp.spring_jpa.log.convert.LevelColorClassicConverter
ERROR in ch.qos.logback.core.pattern.parser.Compiler@15ca7889 - [color] is not a valid conversion word
	at org.springframework.boot.context.logging.LoggingApplicationListener.initializeSystem(LoggingApplicationListener.java:344)
	at org.springframework.boot.context.logging.LoggingApplicationListener.initialize(LoggingApplicationListener.java:298)
	at org.springframework.boot.context.logging.LoggingApplicationListener.onApplicationEnvironmentPreparedEvent(LoggingApplicationListener.java:246)
	at org.springframework.boot.context.logging.LoggingApplicationListener.onApplicationEvent(LoggingApplicationListener.java:223)
	at org.springframework.context.event.SimpleApplicationEventMulticaster.doInvokeListener(SimpleApplicationEventMulticaster.java:176)
	at org.springframework.context.event.SimpleApplicationEventMulticaster.invokeListener(SimpleApplicationEventMulticaster.java:169)
	at org.springframework.context.event.SimpleApplicationEventMulticaster.multicastEvent(SimpleApplicationEventMulticaster.java:143)
	at org.springframework.context.event.SimpleApplicationEventMulticaster.multicastEvent(SimpleApplicationEventMulticaster.java:131)
	at org.springframework.boot.context.event.EventPublishingRunListener.environmentPrepared(EventPublishingRunListener.java:85)
	at org.springframework.boot.SpringApplicationRunListeners.lambda$environmentPrepared$2(SpringApplicationRunListeners.java:66)
	at java.util.ArrayList.forEach(ArrayList.java:1259)
	at org.springframework.boot.SpringApplicationRunListeners.doWithListeners(SpringApplicationRunListeners.java:120)
	at org.springframework.boot.SpringApplicationRunListeners.doWithListeners(SpringApplicationRunListeners.java:114)
	at org.springframework.boot.SpringApplicationRunListeners.environmentPrepared(SpringApplicationRunListeners.java:65)
	at org.springframework.boot.SpringApplication.prepareEnvironment(SpringApplication.java:343)
	at org.springframework.boot.SpringApplication.run(SpringApplication.java:301)
	at org.springframework.boot.SpringApplication.run(SpringApplication.java:1303)
	at org.springframework.boot.SpringApplication.run(SpringApplication.java:1292)
	at com.lp.mode_demo.ModeDemoApplication.main(ModeDemoApplication.java:12)
Caused by: java.lang.IllegalStateException: Logback configuration error detected: 
ERROR in ch.qos.logback.core.pattern.parser.Compiler@15ca7889 - Failed to instantiate converter class [com.lp.spring_jpa.log.convert.LogIpConfig] for keyword [ip] ch.qos.logback.core.util.DynamicClassLoadingException: Failed to instantiate type com.lp.spring_jpa.log.convert.LogIpConfig
ERROR in ch.qos.logback.core.pattern.parser.Compiler@15ca7889 - [ip] is not a valid conversion word
ERROR in ch.qos.logback.core.pattern.parser.Compiler@15ca7889 - Failed to instantiate converter class [com.lp.spring_jpa.log.convert.LevelColorClassicConverter] for keyword [color] ch.qos.logback.core.util.DynamicClassLoadingException: Failed to instantiate type com.lp.spring_jpa.log.convert.LevelColorClassicConverter
ERROR in ch.qos.logback.core.pattern.parser.Compiler@15ca7889 - [color] is not a valid conversion word
	at org.springframework.boot.logging.logback.LogbackLoggingSystem.loadConfiguration(LogbackLoggingSystem.java:179)
	at org.springframework.boot.logging.AbstractLoggingSystem.initializeWithConventions(AbstractLoggingSystem.java:80)
	at org.springframework.boot.logging.AbstractLoggingSystem.initialize(AbstractLoggingSystem.java:60)
	at org.springframework.boot.logging.logback.LogbackLoggingSystem.initialize(LogbackLoggingSystem.java:132)
	at org.springframework.boot.context.logging.LoggingApplicationListener.initializeSystem(LoggingApplicationListener.java:329)
	... 18 common frames omitted
2023-03-01 10:48:05.653[main][org.springframework.boot.SpringApplication:821] ERROR - Application run failed
java.lang.IllegalStateException: java.lang.IllegalStateException: Logback configuration error detected: 
ERROR in ch.qos.logback.core.pattern.parser.Compiler@15ca7889 - Failed to instantiate converter class [com.lp.spring_jpa.log.convert.LogIpConfig] for keyword [ip] ch.qos.logback.core.util.DynamicClassLoadingException: Failed to instantiate type com.lp.spring_jpa.log.convert.LogIpConfig
ERROR in ch.qos.logback.core.pattern.parser.Compiler@15ca7889 - [ip] is not a valid conversion word
ERROR in ch.qos.logback.core.pattern.parser.Compiler@15ca7889 - Failed to instantiate converter class [com.lp.spring_jpa.log.convert.LevelColorClassicConverter] for keyword [color] ch.qos.logback.core.util.DynamicClassLoadingException: Failed to instantiate type com.lp.spring_jpa.log.convert.LevelColorClassicConverter
ERROR in ch.qos.logback.core.pattern.parser.Compiler@15ca7889 - [color] is not a valid conversion word
	at org.springframework.boot.context.logging.LoggingApplicationListener.initializeSystem(LoggingApplicationListener.java:344)
	at org.springframework.boot.context.logging.LoggingApplicationListener.initialize(LoggingApplicationListener.java:298)
	at org.springframework.boot.context.logging.LoggingApplicationListener.onApplicationEnvironmentPreparedEvent(LoggingApplicationListener.java:246)
	at org.springframework.boot.context.logging.LoggingApplicationListener.onApplicationEvent(LoggingApplicationListener.java:223)
	at org.springframework.context.event.SimpleApplicationEventMulticaster.doInvokeListener(SimpleApplicationEventMulticaster.java:176)
	at org.springframework.context.event.SimpleApplicationEventMulticaster.invokeListener(SimpleApplicationEventMulticaster.java:169)
	at org.springframework.context.event.SimpleApplicationEventMulticaster.multicastEvent(SimpleApplicationEventMulticaster.java:143)
	at org.springframework.context.event.SimpleApplicationEventMulticaster.multicastEvent(SimpleApplicationEventMulticaster.java:131)
	at org.springframework.boot.context.event.EventPublishingRunListener.environmentPrepared(EventPublishingRunListener.java:85)
	at org.springframework.boot.SpringApplicationRunListeners.lambda$environmentPrepared$2(SpringApplicationRunListeners.java:66)
	at java.util.ArrayList.forEach(ArrayList.java:1259)
	at org.springframework.boot.SpringApplicationRunListeners.doWithListeners(SpringApplicationRunListeners.java:120)
	at org.springframework.boot.SpringApplicationRunListeners.doWithListeners(SpringApplicationRunListeners.java:114)
	at org.springframework.boot.SpringApplicationRunListeners.environmentPrepared(SpringApplicationRunListeners.java:65)
	at org.springframework.boot.SpringApplication.prepareEnvironment(SpringApplication.java:343)
	at org.springframework.boot.SpringApplication.run(SpringApplication.java:301)
	at org.springframework.boot.SpringApplication.run(SpringApplication.java:1303)
	at org.springframework.boot.SpringApplication.run(SpringApplication.java:1292)
	at com.lp.mode_demo.ModeDemoApplication.main(ModeDemoApplication.java:12)
Caused by: java.lang.IllegalStateException: Logback configuration error detected: 
ERROR in ch.qos.logback.core.pattern.parser.Compiler@15ca7889 - Failed to instantiate converter class [com.lp.spring_jpa.log.convert.LogIpConfig] for keyword [ip] ch.qos.logback.core.util.DynamicClassLoadingException: Failed to instantiate type com.lp.spring_jpa.log.convert.LogIpConfig
ERROR in ch.qos.logback.core.pattern.parser.Compiler@15ca7889 - [ip] is not a valid conversion word
ERROR in ch.qos.logback.core.pattern.parser.Compiler@15ca7889 - Failed to instantiate converter class [com.lp.spring_jpa.log.convert.LevelColorClassicConverter] for keyword [color] ch.qos.logback.core.util.DynamicClassLoadingException: Failed to instantiate type com.lp.spring_jpa.log.convert.LevelColorClassicConverter
ERROR in ch.qos.logback.core.pattern.parser.Compiler@15ca7889 - [color] is not a valid conversion word
	at org.springframework.boot.logging.logback.LogbackLoggingSystem.loadConfiguration(LogbackLoggingSystem.java:179)
	at org.springframework.boot.logging.AbstractLoggingSystem.initializeWithConventions(AbstractLoggingSystem.java:80)
	at org.springframework.boot.logging.AbstractLoggingSystem.initialize(AbstractLoggingSystem.java:60)
	at org.springframework.boot.logging.logback.LogbackLoggingSystem.initialize(LogbackLoggingSystem.java:132)
	at org.springframework.boot.context.logging.LoggingApplicationListener.initializeSystem(LoggingApplicationListener.java:329)
	... 18 common frames omitted
